Method 'SystemVoidCosmosSystemKernelStart', ID = '0'
Method 'SystemVoidCosmosIL2CPURuntimeEngineInitializeApplication', ID = '1'
Method 'SystemVoidCosmosIL2CPURuntimeEngineFinalizeApplicationSystemInt32', ID = '2'
Method 'SystemBooleanCosmosIL2CPUVTablesImplIsInstanceSystemUInt32SystemUInt32SystemBoolean', ID = '3'
Method 'SystemVoidCosmosIL2CPUVTablesImplSetTypeInfoSystemInt32SystemUInt32SystemUInt32SystemUInt32arraySystemUInt32SystemUInt32arraySystemUInt32arraySystemUInt32SystemUInt32arraySystemUInt32array', ID = '4'
Method 'SystemVoidCosmosIL2CPUVTablesImplSetInterfaceInfoSystemInt32SystemInt32SystemUInt32', ID = '5'
Method 'SystemVoidCosmosIL2CPUVTablesImplSetMethodInfoSystemInt32SystemInt32SystemUInt32SystemUInt32', ID = '6'
Method 'SystemVoidCosmosIL2CPUVTablesImplSetInterfaceMethodInfoSystemInt32SystemInt32SystemUInt32SystemUInt32', ID = '7'
Method 'SystemUInt32CosmosIL2CPUVTablesImplGetMethodAddressForTypeSystemUInt32SystemUInt32', ID = '8'
Method 'SystemUInt32CosmosIL2CPUVTablesImplGetMethodAddressForInterfaceTypeSystemUInt32SystemUInt32', ID = '9'
Method 'SystemVoidCosmosIL2CPUExceptionHelperThrowNotImplementedSystemString', ID = '13'
Method 'SystemVoidCosmosIL2CPUExceptionHelperThrowOverflow', ID = '14'
Method 'SystemVoidCosmosIL2CPUExceptionHelperThrowInvalidOperationSystemString', ID = '15'
Method 'SystemVoidCosmosIL2CPUExceptionHelperThrowArgumentOutOfRangeSystemString', ID = '16'
Method 'SystemVoidSystemArrayctor', ID = '18'
Method 'SystemDelegatearraySystemMulticastDelegateGetInvocationList', ID = '19'
Method 'SystemVoidCosmosIL2CPUExceptionHelperThrowInvalidCastException', ID = '21'
Method 'SystemVoidCosmosIL2CPUExceptionHelperThrowNotFiniteNumberExceptionSystemDouble', ID = '22'
Method 'SystemVoidCosmosIL2CPUExceptionHelperThrowDivideByZeroException', ID = '23'
Method 'SystemVoidCosmosKernel1Kernelctor', ID = '24'
Method 'SystemVoidCosmosDebugKernelDebuggerSendSystemString', ID = '29'
Method 'SystemVoidCosmosHALBootstrapInit', ID = '33'
Method 'CosmosHALTextScreenBaseCosmosSystemKernelGetTextScreen', ID = '34'
Method 'SystemVoidCosmosSystemGlobalInitCosmosHALTextScreenBase', ID = '35'
Method 'SystemVoidCosmosSystemKernelBeforeRun', ID = '36'
Method 'SystemVoidCosmosHALGlobalEnableInterrupts', ID = '37'
Method 'SystemVoidCosmosSystemKernelAfterRun', ID = '39'
Method 'SystemVoidCosmosIL2CPURuntimeEngineInitializeEngine', ID = '43'
Method 'SystemVoidCosmosIL2CPURuntimeEngineHeap_Initialize', ID = '44'
Method 'SystemVoidCosmosIL2CPURuntimeEngineFinalizeEngine', ID = '46'
Method 'SystemVoidCosmosIL2CPURuntimeEngineExitProcessSystemInt32', ID = '47'
Method 'SystemVoidCosmosIL2CPUVTablesImplDebugSystemString', ID = '53'
Method 'SystemVoidCosmosIL2CPUVTablesImplDebugHexSystemStringSystemUInt32', ID = '54'
Method 'SystemVoidCosmosIL2CPUVTablesImplDebugAndHaltSystemString', ID = '56'
Method 'SystemVoidCosmosDebugKernelPlugsAsmDebuggerSendKernelPanicSystemUInt32', ID = '58'
Method 'SystemVoidCosmosCore_PlugsGCImplementionImplIncRefCountSystemUInt32', ID = '60'
Method 'SystemVoidCosmosCore_PlugsGCImplementionImplDecRefCountSystemUInt32', ID = '61'
Method 'SystemUInt32CosmosCore_PlugsGCImplementionImplAllocNewObjectSystemUInt32', ID = '62'
Method 'SystemVoidSystemNotImplementedExceptionctorSystemString', ID = '64'
Method 'SystemVoidSystemOverflowExceptionctorSystemString', ID = '65'
Method 'SystemVoidSystemInvalidOperationExceptionctorSystemString', ID = '66'
Method 'SystemVoidSystemArgumentOutOfRangeExceptionctorSystemString', ID = '67'
Method 'SystemDelegatearraySystemDelegateGetInvocationList', ID = '78'
Method 'SystemInt32SystemIntPtrop_ExplicitSystemIntPtr', ID = '81'
Method 'SystemVoidSystemInvalidCastExceptionctor', ID = '82'
Method 'SystemVoidSystemNotFiniteNumberExceptionctorSystemDouble', ID = '84'
Method 'SystemVoidSystemDivideByZeroExceptionctor', ID = '85'
Method 'SystemVoidMyConsolector', ID = '87'
Method 'SystemVoidGUIctor', ID = '88'
Method 'SystemVoidCosmosSystemKernelctor', ID = '89'
Method 'SystemVoidCosmosSystemGlobalcctor', ID = '91'
Method 'SystemVoidCosmosCore_PlugsSystemExceptionImplCtorSystemString', ID = '95'
Method 'SystemVoidCosmosCoreBootstrapInit', ID = '102'
Method 'SystemVoidCosmosSystemConsolectorCosmosHALTextScreenBase', ID = '104'
Method 'SystemVoidCosmosHALGlobalInitCosmosHALTextScreenBase', ID = '106'
Method 'SystemVoidCosmosSystemGlobalset_NumLockSystemBoolean', ID = '107'
Method 'SystemVoidCosmosSystemGlobalset_CapsLockSystemBoolean', ID = '108'
Method 'SystemVoidCosmosSystemGlobalset_ScrollLockSystemBoolean', ID = '109'
Method 'SystemVoidCosmosKernel1KernelBeforeRun', ID = '110'
Method 'SystemVoidCosmosCoreCPUEnableInterrupts', ID = '112'
Method 'SystemVoidCosmosKernel1KernelRun', ID = '113'
Method 'SystemVoidCosmosSystem_PlugsSystemConsoleImplWriteLineSystemString', ID = '115'
Method 'SystemStringSystemValueTypeToString', ID = '116'
Method 'SystemStringSystemStringToString', ID = '117'
Method 'SystemStringSystemBooleanToString', ID = '120'
Method 'SystemStringCosmosCore_PlugsSystemObjectImplToString', ID = '123'
Method 'SystemVoidCosmosIL2CPURuntimeEnginecctor', ID = '124'
Method 'SystemVoidSystemBooleancctor', ID = '130'
Method 'SystemVoidCosmosIL2CPUVTablesImplcctor', ID = '133'
Method 'SystemVoidCosmosDebugKernelDebuggerSendNumberSystemUInt32', ID = '135'
Method 'SystemVoidCosmosCoreMemoryOldGlobalSystemInfoEnsureInitialized', ID = '143'
Method 'SystemUInt32CosmosCoreMemoryOldHeapMemAllocSystemUInt32', ID = '144'
Method 'SystemVoidSystemSystemExceptionctorSystemString', ID = '146'
Method 'SystemVoidSystemExceptionset_HResultSystemInt32', ID = '147'
Method 'SystemVoidSystemArithmeticExceptionctorSystemString', ID = '149'
Method 'SystemStringSystemSRget_Arg_ArgumentOutOfRangeException', ID = '152'
Method 'SystemVoidSystemArgumentExceptionctorSystemStringSystemString', ID = '153'
Method 'SystemVoidCosmosCore_PlugsSystemObjectImplCtor', ID = '154'
Method 'SystemStringSystemSRget_Arg_InvalidCastException', ID = '168'
Method 'SystemVoidSystemDoublecctor', ID = '169'
Method 'SystemVoidSystemArithmeticExceptionctor', ID = '173'
Method 'SystemStringSystemSRget_Arg_DivideByZero', ID = '175'
Method 'SystemVoidUtilitiesctor', ID = '177'
Method 'SystemVoidCosmosDebugKernelDebuggerctorSystemStringSystemString', ID = '179'
Method 'SystemVoidCosmosDebugKernelPlugsAsmDebuggerDoSendSystemString', ID = '181'
Method 'SystemVoidSystemExceptioncctor', ID = '182'
Method 'SystemVoidCosmosCoreINTsDummy', ID = '186'
Method 'SystemVoidCosmosCorePICctor', ID = '187'
Method 'SystemVoidCosmosHALTextScreenctor', ID = '195'
Method 'SystemVoidCosmosCoreGlobalInit', ID = '198'
Method 'SystemVoidCosmosHALPCISetup', ID = '199'
Method 'SystemVoidCosmosCoreACPIStartSystemBooleanSystemBoolean', ID = '200'
Method 'SystemVoidCosmosHALPS2ControllerInitialize', ID = '202'
Method 'SystemVoidCosmosHALBlockDeviceIDEInitDriver', ID = '203'
Method 'SystemVoidCosmosHALBlockDeviceAHCIInitDriver', ID = '204'
Method 'SystemVoidCosmosSystemKeyboardManagerset_NumLockSystemBoolean', ID = '205'
Method 'SystemVoidCosmosSystemKeyboardManagerset_CapsLockSystemBoolean', ID = '206'
Method 'SystemVoidCosmosSystemKeyboardManagerset_ScrollLockSystemBoolean', ID = '207'
Method 'SystemCharSystemCharParseSystemString', ID = '210'
Method 'SystemVoidCosmosHALGlobalcctor', ID = '211'
Method 'SystemVoidGUIInitialize', ID = '215'
Method 'SystemVoidGUIRunGUI', ID = '216'
Method 'SystemVoidMyConsoleRunConsole', ID = '217'
Method 'SystemVoidSystemConsolecctor', ID = '218'
Method 'SystemStringSystemEnvironmentget_NewLine', ID = '220'
Method 'SystemStringSystemStringConcatSystemStringSystemString', ID = '221'
Method 'SystemVoidCosmosSystem_PlugsSystemConsoleImplWriteSystemString', ID = '222'
Method 'SystemStringCosmosSystem_PlugsSystemInt32ImplToString', ID = '224'
Method 'SystemStringCosmosSystem_PlugsSystemUInt32ImplToString', ID = '225'
Method 'SystemStringCosmosSystem_PlugsSystemDoubleImplToString', ID = '226'
Method 'SystemStringCosmosCore_PlugsSystemExceptionImplToString', ID = '227'
Method 'SystemUInt32CosmosCoreMemoryOldGlobalSystemInfoget_TotalDataLookupTableSize', ID = '239'
Method 'SystemBooleanCosmosCoreCPUDisableInterrupts', ID = '243'
Method 'SystemVoidCosmosCoreMemoryOldHeapEnsureIsInitialized', ID = '244'
Method 'CosmosCoreMemoryOldGlobalInformationTablepointerCosmosCoreMemoryOldGlobalSystemInfoget_GlobalInformationTable', ID = '245'
Method 'SystemBooleanCosmosCoreMemoryOldHeapScanDataLookupTableCosmosCoreMemoryOldDataLookupTablepointerSystemUInt32SystemUInt32', ID = '247'
Method 'CosmosCoreMemoryOldDataLookupEntrypointerCosmosCoreMemoryOldDataLookupTableGetEntrySystemUInt32', ID = '250'
Method 'SystemVoidCosmosCoreMemoryOldHeapClearMemorySystemVoidpointerSystemUInt32', ID = '252'
Method 'SystemStringSystemSRGetResourceStringSystemStringSystemString', ID = '257'
Method 'SystemDoubleSystemBitConverterInt64BitsToDoubleSystemInt64', ID = '260'
Method 'SystemStringSystemSRget_Arg_ArithmeticException', ID = '262'
Method 'SystemVoidCosmosDebugKernelDebuggerset_mSectionSystemString', ID = '264'
Method 'SystemVoidCosmosCoreBootstrapcctor', ID = '266'
Method 'SystemVoidCosmosCoreINTsHandleInterrupt_DefaultCosmosCoreINTsIRQContext', ID = '269'
Method 'SystemVoidCosmosCoreINTsHandleInterrupt_00CosmosCoreINTsIRQContext', ID = '270'
Method 'SystemVoidCosmosCoreINTsHandleInterrupt_01CosmosCoreINTsIRQContext', ID = '271'
Method 'SystemVoidCosmosCoreINTsHandleInterrupt_02CosmosCoreINTsIRQContext', ID = '272'
Method 'SystemVoidCosmosCoreINTsHandleInterrupt_03CosmosCoreINTsIRQContext', ID = '273'
Method 'SystemVoidCosmosCoreINTsHandleInterrupt_04CosmosCoreINTsIRQContext', ID = '274'
Method 'SystemVoidCosmosCoreINTsHandleInterrupt_05CosmosCoreINTsIRQContext', ID = '275'
Method 'SystemVoidCosmosCoreINTsHandleInterrupt_06CosmosCoreINTsIRQContext', ID = '276'
Method 'SystemVoidCosmosCoreINTsHandleInterrupt_07CosmosCoreINTsIRQContext', ID = '277'
Method 'SystemVoidCosmosCoreINTsHandleInterrupt_08CosmosCoreINTsIRQContext', ID = '278'
Method 'SystemVoidCosmosCoreINTsHandleInterrupt_09CosmosCoreINTsIRQContext', ID = '279'
Method 'SystemVoidCosmosCoreINTsHandleInterrupt_0ACosmosCoreINTsIRQContext', ID = '280'
Method 'SystemVoidCosmosCoreINTsHandleInterrupt_0BCosmosCoreINTsIRQContext', ID = '281'
Method 'SystemVoidCosmosCoreINTsHandleInterrupt_0CCosmosCoreINTsIRQContext', ID = '282'
Method 'SystemVoidCosmosCoreINTsHandleInterrupt_0DCosmosCoreINTsIRQContext', ID = '283'
Method 'SystemVoidCosmosCoreINTsHandleInterrupt_0ECosmosCoreINTsIRQContext', ID = '284'
Method 'SystemVoidCosmosCoreINTsHandleInterrupt_0FCosmosCoreINTsIRQContext', ID = '285'
Method 'SystemVoidCosmosCoreINTsHandleInterrupt_10CosmosCoreINTsIRQContext', ID = '286'
Method 'SystemVoidCosmosCoreINTsHandleInterrupt_11CosmosCoreINTsIRQContext', ID = '287'
Method 'SystemVoidCosmosCoreINTsHandleInterrupt_12CosmosCoreINTsIRQContext', ID = '288'
Method 'SystemVoidCosmosCoreINTsHandleInterrupt_13CosmosCoreINTsIRQContext', ID = '289'
Method 'SystemVoidCosmosCoreINTsHandleInterrupt_20CosmosCoreINTsIRQContext', ID = '290'
Method 'SystemVoidCosmosCoreINTsHandleInterrupt_21CosmosCoreINTsIRQContext', ID = '291'
Method 'SystemVoidCosmosCoreINTsHandleInterrupt_22CosmosCoreINTsIRQContext', ID = '292'
Method 'SystemVoidCosmosCoreINTsHandleInterrupt_23CosmosCoreINTsIRQContext', ID = '293'
Method 'SystemVoidCosmosCoreINTsHandleInterrupt_24CosmosCoreINTsIRQContext', ID = '294'
Method 'SystemVoidCosmosCoreINTsHandleInterrupt_25CosmosCoreINTsIRQContext', ID = '295'
Method 'SystemVoidCosmosCoreINTsHandleInterrupt_26CosmosCoreINTsIRQContext', ID = '296'
Method 'SystemVoidCosmosCoreINTsHandleInterrupt_27CosmosCoreINTsIRQContext', ID = '297'
Method 'SystemVoidCosmosCoreINTsHandleInterrupt_28CosmosCoreINTsIRQContext', ID = '298'
Method 'SystemVoidCosmosCoreINTsHandleInterrupt_29CosmosCoreINTsIRQContext', ID = '299'
Method 'SystemVoidCosmosCoreINTsHandleInterrupt_2ACosmosCoreINTsIRQContext', ID = '300'
Method 'SystemVoidCosmosCoreINTsHandleInterrupt_2BCosmosCoreINTsIRQContext', ID = '301'
Method 'SystemVoidCosmosCoreINTsHandleInterrupt_2CCosmosCoreINTsIRQContext', ID = '302'
Method 'SystemVoidCosmosCoreINTsHandleInterrupt_2DCosmosCoreINTsIRQContext', ID = '303'
Method 'SystemVoidCosmosCoreINTsHandleInterrupt_2ECosmosCoreINTsIRQContext', ID = '304'
Method 'SystemVoidCosmosCoreINTsHandleInterrupt_2FCosmosCoreINTsIRQContext', ID = '305'
Method 'SystemVoidCosmosCoreINTsHandleInterrupt_30CosmosCoreINTsIRQContext', ID = '306'
Method 'SystemVoidCosmosCoreINTsHandleInterrupt_35CosmosCoreINTsIRQContext', ID = '307'
Method 'SystemVoidCosmosCoreINTsHandleInterrupt_40CosmosCoreINTsIRQContext', ID = '308'
Method 'SystemVoidCosmosCoreINTsHandleInterrupt_41CosmosCoreINTsIRQContext', ID = '309'
Method 'SystemVoidCosmosCoreINTsHandleInterrupt_42CosmosCoreINTsIRQContext', ID = '310'
Method 'SystemVoidCosmosCoreINTsHandleInterrupt_43CosmosCoreINTsIRQContext', ID = '311'
Method 'SystemVoidCosmosCoreINTsHandleInterrupt_44CosmosCoreINTsIRQContext', ID = '312'
Method 'SystemVoidCosmosCoreINTsHandleInterrupt_45CosmosCoreINTsIRQContext', ID = '313'
Method 'SystemVoidCosmosCoreINTsHandleInterrupt_46CosmosCoreINTsIRQContext', ID = '314'
Method 'SystemVoidCosmosCoreINTsHandleInterrupt_47CosmosCoreINTsIRQContext', ID = '315'
Method 'SystemVoidCosmosCoreINTsHandleInterrupt_48CosmosCoreINTsIRQContext', ID = '316'
Method 'SystemVoidCosmosCoreINTsHandleInterrupt_49CosmosCoreINTsIRQContext', ID = '317'
Method 'SystemVoidCosmosCoreIOGroupPICctorSystemBoolean', ID = '319'
Method 'SystemVoidCosmosCorePICRemapSystemByteSystemByteSystemByteSystemByte', ID = '320'
Method 'SystemVoidCosmosCore_AsmCPUImplUpdateIDTSystemBoolean', ID = '321'
Method 'SystemVoidCosmosCore_AsmCPUImplInitSSE', ID = '322'
Method 'SystemVoidCosmosCore_AsmCPUImplInitFloat', ID = '323'
Method 'SystemVoidCosmosCoreIOGroupTextScreenctor', ID = '325'
Method 'SystemVoidCosmosHALTextScreenBasector', ID = '326'
Method 'SystemVoidSystemCollectionsGenericList1CosmosHALPCIDevicector', ID = '336'
Method 'SystemUInt16CosmosHALPCIDeviceGetHeaderTypeSystemUInt16SystemUInt16SystemUInt16', ID = '338'
Method 'SystemVoidCosmosHALPCICheckBusSystemUInt16', ID = '339'
Method 'SystemUInt16CosmosHALPCIDeviceGetVendorIDSystemUInt16SystemUInt16SystemUInt16', ID = '340'
Method 'SystemBooleanCosmosCoreACPIInit', ID = '342'
Method 'SystemVoidCosmosCoreACPIEnable', ID = '343'
Method 'SystemVoidCosmosHALPS2ControllerSendCommandCosmosHALPS2ControllerCommandSystemNullable1SystemByte', ID = '346'
Method 'SystemByteCosmosHALPS2ControllerReadData', ID = '347'
Method 'SystemBooleanCosmosHALPS2ControllerWaitToReadData', ID = '348'
Method 'SystemVoidSystemNullable1SystemBytectorSystemByte', ID = '349'
Method 'SystemBooleanCosmosHALPS2ControllerTestPortSystemByte', ID = '350'
Method 'SystemVoidCosmosHALPS2ControllerIdentifyDeviceSystemByteCosmosHALDevice', ID = '351'
Method 'SystemVoidCosmosHALBlockDeviceIDEInitializeCosmosHALBlockDeviceAtaControllerIdEnumCosmosHALBlockDeviceAtaBusPositionEnum', ID = '354'
Method 'SystemVoidCosmosHALBlockDeviceAHCIctorCosmosHALPCIDevice', ID = '357'
Method 'SystemVoidCosmosSystem_PlugsSystemConsoleImplBeep', ID = '362'
Method 'SystemStringCosmosSystem_PlugsSystemConsoleImplReadLine', ID = '363'
Method 'SystemVoidSystemArgumentNullExceptionctorSystemString', ID = '365'
Method 'SystemStringSystemSRget_Format_NeedSingleChar', ID = '367'
Method 'SystemVoidSystemFormatExceptionctorSystemString', ID = '368'
Method 'SystemVoidCosmosHALPITctor', ID = '370'
Method 'SystemVoidCosmosHALPS2Controllerctor', ID = '372'
Method 'SystemVoidCosmosCore_AsmCPUImplDoEnableInterrupts', ID = '373'
Method 'SystemVoidCosmosSystemGraphicsModectorSystemInt32SystemInt32CosmosSystemGraphicsColorDepth', ID = '374'
Method 'CosmosSystemGraphicsCanvasCosmosSystemGraphicsFullScreenCanvasGetFullScreenCanvasCosmosSystemGraphicsMode', ID = '375'
Method 'SystemVoidCosmosSystemMouseManagerset_ScreenWidthSystemUInt32', ID = '376'
Method 'SystemVoidCosmosSystemMouseManagerset_ScreenHeightSystemUInt32', ID = '377'
Method 'SystemDrawingColorSystemDrawingColorget_White', ID = '381'
Method 'SystemVoidCosmosSystemGraphicsCanvasClearSystemDrawingColor', ID = '382'
Method 'SystemDrawingColorSystemDrawingColorget_Black', ID = '383'
Method 'SystemVoidCosmosSystemGraphicsPenctorSystemDrawingColorSystemInt32', ID = '384'
Method 'SystemVoidCosmosSystemGraphicsPointctorSystemInt32SystemInt32', ID = '385'
Method 'SystemInt32CosmosSystemGraphicsPointget_X', ID = '386'
Method 'SystemInt32CosmosSystemGraphicsPointget_Y', ID = '387'
Method 'SystemVoidCosmosSystemGraphicsCanvasDrawLineCosmosSystemGraphicsPenCosmosSystemGraphicsPointCosmosSystemGraphicsPoint', ID = '388'
Method 'SystemVoidCosmosSystemGraphicsCanvasDrawPointCosmosSystemGraphicsPenCosmosSystemGraphicsPoint', ID = '389'
Method 'SystemVoidUtilitiesNumberEntry', ID = '391'
Method 'SystemVoidUtilitiesGame', ID = '392'
Method 'SystemVoidMyConsoleShutdown', ID = '393'
Method 'SystemVoidCosmosSystem_PlugsSystemConsoleImplcctor', ID = '397'
Method 'SystemBooleanSystemStringIsNullOrEmptySystemString', ID = '399'
Method 'SystemVoidSystemStringFillStringCheckedSystemStringSystemInt32SystemString', ID = '401'
Method 'CosmosSystemConsoleCosmosSystem_PlugsSystemConsoleImplGetConsole', ID = '402'
Method 'SystemBytearraySystemTextEncodingGetBytesSystemString', ID = '404'
Method 'SystemVoidCosmosSystemConsoleWriteSystemBytearray', ID = '405'
Method 'SystemTypeCosmosCore_PlugsSystemObjectImplGetType', ID = '407'
Method 'SystemStringCosmosCommonStringHelperGetNumberStringSystemInt32', ID = '410'
Method 'SystemStringCosmosCommonStringHelperGetNumberStringSystemUInt32', ID = '413'
Method 'SystemStringCosmosCommonStringHelperGetNumberStringSystemDouble', ID = '416'
Method 'SystemVoidCosmosCore_PlugsSystemObjectImplcctor', ID = '418'
Method 'SystemVoidCosmosDebugKernelPlugsAsmDebuggerDoSendNumberSystemUInt32', ID = '419'
Method 'SystemUInt32CosmosCore_AsmCPUImplGetEndOfKernel', ID = '420'
Method 'SystemVoidCosmosCore_AsmCPUImplZeroFillSystemUInt32SystemUInt32', ID = '421'
Method 'SystemVoidCosmosCoreMemoryOldHeapcctor', ID = '422'
Method 'SystemVoidCosmosCoreMemoryOldHeapDoInitializeSystemUInt32', ID = '426'
Method 'SystemVoidSystemSRcctor', ID = '431'
Method 'SystemStringCosmosSystem_PlugsSystemIntPtrImplToString', ID = '434'
Method 'SystemVoidCosmosCoreCPUctor', ID = '437'
Method 'SystemVoidCosmosCoreINTscctor', ID = '438'
Method 'CosmosCorePICCosmosCoreGlobalget_PIC', ID = '440'
Method 'SystemVoidCosmosCorePICEoiSlave', ID = '441'
Method 'SystemVoidCosmosCorePICEoiMaster', ID = '442'
Method 'SystemVoidCosmosCoreINTsHandleExceptionSystemUInt32SystemStringSystemStringCosmosCoreINTsIRQContextSystemUInt32', ID = '443'
Method 'SystemVoidCosmosCore_AsmDelegateImplInvoke', ID = '675'
Method 'SystemVoidCosmosCoreINTsIRQSystemUInt32CosmosCoreINTsIRQContext', ID = '447'
Method 'SystemVoidCosmosCoreIOPortctorSystemUInt16', ID = '450'
Method 'SystemVoidCosmosCoreIOGroupIOGroupctor', ID = '451'
Method 'SystemByteCosmosCoreIOPortget_Byte', ID = '453'
Method 'SystemVoidCosmosCoreIOPortset_ByteSystemByte', ID = '454'
Method 'SystemVoidCosmosCoreIOPortWait', ID = '455'
Method 'SystemVoidCosmosCoreMemoryBlockctorSystemUInt32SystemUInt32', ID = '457'
Method 'SystemVoidCosmosHALDevicector', ID = '458'
Method 'SystemVoidCosmosHALTextScreenSetColorsSystemConsoleColorSystemConsoleColor', ID = '461'
Method 'SystemUInt16CosmosHALTextScreenget_Cols', ID = '463'
Method 'SystemUInt16CosmosHALTextScreenget_Rows', ID = '464'
Method 'SystemVoidCosmosHALTextScreenSetCursorSizeSystemInt32', ID = '465'
Method 'SystemVoidCosmosHALTextScreenSetCursorVisibleSystemBoolean', ID = '466'
Method 'SystemVoidCosmosCoreGlobalcctor', ID = '467'
Method 'SystemUInt32CosmosHALPCIDeviceGetAddressBaseSystemUInt32SystemUInt32SystemUInt32', ID = '471'
Method 'SystemVoidCosmosCoreIOPortset_DWordSystemUInt32', ID = '474'
Method 'SystemUInt32CosmosCoreIOPortget_DWord', ID = '475'
Method 'SystemVoidCosmosHALPCIDevicectorSystemUInt32SystemUInt32SystemUInt32', ID = '476'
Method 'SystemVoidCosmosHALPCICheckFunctionCosmosHALPCIDevice', ID = '477'
Method 'SystemVoidCosmosCoreACPIcctor', ID = '478'
Method 'SystemUInt32CosmosCoreACPIRSDPAddress', ID = '479'
Method 'SystemInt32CosmosCoreACPIacpiCheckHeaderSystemBytepointerSystemString', ID = '480'
Method 'SystemInt32pointerCosmosCoreACPIfacpgetSystemInt32', ID = '482'
Method 'SystemInt32CosmosCoreACPICompareSystemStringSystemBytepointer', ID = '483'
Method 'SystemByteCosmosCoreACPIfacpbgetSystemInt32', ID = '487'
Method 'SystemStringSystemNullable1SystemByteToString', ID = '498'
Method 'SystemBooleanCosmosHALPS2ControllerWaitToWrite', ID = '500'
Method 'SystemVoidCosmosCoreIOPortWriteset_ByteSystemByte', ID = '502'
Method 'SystemBooleanSystemNullable1SystemByteget_HasValue', ID = '503'
Method 'SystemByteSystemNullable1SystemByteget_Value', ID = '504'
Method 'SystemByteCosmosCoreIOPortReadget_Byte', ID = '505'
Method 'SystemStringCosmosCommonExtensionsToHexStringToHexSystemByte', ID = '506'
Method 'SystemStringSystemStringConcatSystemObjectarray', ID = '507'
Method 'SystemStringSystemStringConcatSystemObjectSystemObjectSystemObject', ID = '508'
Method 'SystemVoidCosmosHALPS2ControllerSendDeviceCommandCosmosHALPS2ControllerDeviceCommandSystemBooleanSystemNullable1SystemByte', ID = '510'
Method 'SystemBooleanCosmosHALPS2ControllerReadByteAfterAckWithTimeoutSystemByte', ID = '511'
Method 'SystemVoidCosmosHALPS2MousectorSystemByteSystemByte', ID = '512'
Method 'SystemBooleanCosmosHALPS2ControllerReadDataWithTimeoutSystemByte', ID = '514'
Method 'SystemVoidCosmosHALPS2KeyboardctorSystemByte', ID = '515'
Method 'SystemVoidCosmosHALBlockDeviceIDEcctor', ID = '517'
Method 'SystemVoidCosmosHALBlockDeviceAtaPioctorCosmosCoreIOGroupATACosmosHALBlockDeviceAtaControllerIdEnumCosmosHALBlockDeviceAtaBusPositionEnum', ID = '522'
Method 'CosmosHALBlockDeviceAtaPioSpecLevelCosmosHALBlockDeviceAtaPioget_DriveType', ID = '523'
Method 'SystemVoidSystemCollectionsGenericList1CosmosHALBlockDeviceBlockDeviceAddCosmosHALBlockDeviceBlockDevice', ID = '526'
Method 'SystemVoidCosmosHALBlockDeviceMBRctorSystemBytearray', ID = '530'
Method 'SystemVoidCosmosHALBlockDeviceEBRctorSystemBytearray', ID = '532'
Method 'SystemInt32SystemCollectionsGenericList1CosmosHALBlockDeviceEBRPartInfoget_Count', ID = '534'
Method 'SystemInt32SystemCollectionsGenericList1CosmosHALBlockDeviceMBRPartInfoget_Count', ID = '535'
Method 'SystemVoidCosmosDebugKernelDebuggerSendNumberSystemInt32', ID = '536'
Method 'CosmosHALBlockDeviceMBRPartInfoSystemCollectionsGenericList1CosmosHALBlockDeviceMBRPartInfoget_ItemSystemInt32', ID = '537'
Method 'SystemStringSystemStringConcatSystemObjectSystemObject', ID = '538'
Method 'SystemVoidCosmosHALBlockDevicePartitionctorCosmosHALBlockDeviceBlockDeviceSystemUInt64SystemUInt64', ID = '540'
Method 'SystemVoidCosmosHALBlockDeviceAHCIcctor', ID = '541'
Method 'SystemVoidCosmosHALPCIDeviceEnableBusMasterSystemBoolean', ID = '542'
Method 'SystemVoidCosmosHALPCIDeviceEnableMemorySystemBoolean', ID = '543'
Method 'SystemUInt32CosmosHALPCIBaseAddressBarget_BaseAddress', ID = '544'
Method 'SystemVoidCosmosHALBlockDeviceRegistersGenericRegistersctorSystemUInt32', ID = '546'
Method 'SystemUInt32CosmosHALBlockDeviceRegistersGenericRegistersget_GlobalHostControl', ID = '548'
Method 'SystemVoidCosmosHALBlockDeviceRegistersGenericRegistersset_GlobalHostControlSystemUInt32', ID = '549'
Method 'SystemVoidCosmosHALBlockDeviceAHCIGetCapabilities', ID = '550'
Method 'SystemVoidSystemCollectionsGenericList1CosmosHALBlockDevicePortsStoragePortset_CapacitySystemInt32', ID = '553'
Method 'SystemVoidCosmosHALBlockDeviceAHCIGetPorts', ID = '554'
Method 'SystemCollectionsGenericList1EnumeratorCosmosHALBlockDevicePortsStoragePortSystemCollectionsGenericList1CosmosHALBlockDevicePortsStoragePortGetEnumerator', ID = '555'
Method 'CosmosHALBlockDevicePortsStoragePortSystemCollectionsGenericList1EnumeratorCosmosHALBlockDevicePortsStoragePortget_Current', ID = '556'
Method 'SystemBooleanSystemCollectionsGenericList1EnumeratorCosmosHALBlockDevicePortsStoragePortMoveNext', ID = '563'
Method 'SystemVoidCosmosSystemKeyboardManagercctor', ID = '566'
Method 'SystemVoidCosmosSystemPCSpeakerBeep', ID = '567'
Method 'SystemVoidSystemCollectionsGenericList1SystemCharctorSystemInt32', ID = '568'
Method 'CosmosSystemConsoleKeyExCosmosSystemKeyEventget_Key', ID = '569'
Method 'SystemInt32CosmosSystemConsoleget_X', ID = '570'
Method 'SystemVoidSystemCollectionsGenericList1SystemCharRemoveAtSystemInt32', ID = '571'
Method 'SystemVoidCosmosSystemConsoleset_XSystemInt32', ID = '572'
Method 'SystemCharSystemCollectionsGenericList1SystemCharget_ItemSystemInt32', ID = '573'
Method 'SystemVoidCosmosSystem_PlugsSystemConsoleImplWriteSystemChar', ID = '574'
Method 'SystemInt32SystemCollectionsGenericList1SystemCharget_Count', ID = '575'
Method 'SystemCharCosmosSystemKeyEventget_KeyChar', ID = '576'
Method 'SystemVoidSystemCollectionsGenericList1SystemCharAddSystemChar', ID = '577'
Method 'SystemVoidSystemCollectionsGenericList1SystemCharctor', ID = '578'
Method 'CosmosSystemKeyEventCosmosSystemKeyboardManagerReadKey', ID = '579'
Method 'SystemVoidCosmosSystem_PlugsSystemConsoleImplWriteLine', ID = '580'
Method 'SystemChararraySystemCollectionsGenericList1SystemCharToArray', ID = '581'
Method 'SystemVoidSystemCharcctor', ID = '583'
Method 'SystemStringSystemCharToString', ID = '584'
Method 'SystemStringSystemSRget_ArgumentNull_Generic', ID = '588'
Method 'SystemInt32CosmosCore_PlugsSystemStringImplget_LengthSystemInt32', ID = '589'
Method 'SystemCharCosmosCore_PlugsSystemStringImplget_CharsSystemInt32SystemCharpointer', ID = '591'
Method 'SystemVoidSystemCollectionsGenericList1CosmosHALPITPITTimerctor', ID = '593'
Method 'SystemVoidCosmosHALPITHandleIRQCosmosCoreINTsIRQContext', ID = '594'
Method 'SystemVoidCosmosCore_AsmDelegateImplCtorSystemObjectSystemIntPtr', ID = '846'
Method 'SystemVoidCosmosCoreINTsSetIrqHandlerSystemByteCosmosCoreINTsIRQDelegate', ID = '596'
Method 'SystemVoidCosmosHALPITset_T0CountdownSystemUInt16', ID = '597'
Method 'CosmosSystemGraphicsCanvasCosmosSystemGraphicsFullScreenCanvasGetVideoDriverCosmosSystemGraphicsMode', ID = '603'
Method 'SystemVoidCosmosSystemMouseManagercctor', ID = '607'
Method 'SystemVoidSystemDrawingColorctorSystemDrawingKnownColor', ID = '609'
Method 'SystemInt32CosmosSystemGraphicsModeget_Columns', ID = '611'
Method 'SystemInt32CosmosSystemGraphicsModeget_Rows', ID = '612'
Method 'SystemVoidCosmosSystemGraphicsPointset_XSystemInt32', ID = '615'
Method 'SystemVoidCosmosSystemGraphicsPointset_YSystemInt32', ID = '616'
Method 'SystemVoidCosmosSystemGraphicsCanvasDrawLineCosmosSystemGraphicsPenSystemInt32SystemInt32SystemInt32SystemInt32', ID = '617'
Method 'SystemInt32CosmosSystem_PlugsSystemInt32ImplParseSystemString', ID = '618'
Method 'SystemVoidUtilitiesCalculateSystemSingleSystemSingleSystemChar', ID = '619'
Method 'SystemDateTimeSystemDateTimeAddSecondsSystemDouble', ID = '621'
Method 'SystemBooleanSystemDateTimeop_GreaterThanSystemDateTimeSystemDateTime', ID = '622'
Method 'SystemVoidCosmosSystemPowerShutdown', ID = '623'
Method 'SystemTextEncodingSystemTextEncodingget_ASCII', ID = '626'
Method 'SystemStringCosmosCore_PlugsSystemStringImplFastAllocateStringSystemInt32', ID = '630'
Method 'SystemVoidSystemIndexOutOfRangeExceptionctor', ID = '631'
Method 'SystemVoidSystemStringwstrcpySystemCharpointerSystemCharpointerSystemInt32', ID = '632'
Method 'SystemStringSystemSRget_ArgumentNull_String', ID = '635'
Method 'SystemVoidSystemArgumentNullExceptionctorSystemStringSystemString', ID = '636'
Method 'SystemInt32SystemTextEncodingGetByteCountSystemString', ID = '637'
Method 'SystemInt32SystemTextEncodingGetBytesSystemStringSystemInt32SystemInt32SystemBytearraySystemInt32', ID = '638'
Method 'SystemVoidCosmosSystemConsoleDoLineFeed', ID = '639'
Method 'SystemVoidCosmosSystemConsoleDoCarriageReturn', ID = '640'
Method 'SystemVoidCosmosSystemConsoleDoTab', ID = '641'
Method 'SystemVoidCosmosSystemConsoleWriteSystemByte', ID = '642'
Method 'SystemStringSystemTypeToString', ID = '645'
Method 'SystemVoidCosmosCoreCosmosRuntimeTypectorSystemUInt32', ID = '649'
Method 'SystemInt64SystemBitConverterDoubleToInt64BitsSystemDouble', ID = '651'
Method 'SystemStringSystemStringSubstringSystemInt32SystemInt32', ID = '654'
Method 'SystemStringSystemArgumentOutOfRangeExceptionget_Message', ID = '655'
Method 'SystemStringSystemArgumentExceptionget_Message', ID = '656'
Method 'SystemStringCosmosCore_PlugsSystemExceptionImplget_Message', ID = '657'
Method 'SystemVoidCosmosCore_AsmCPUImplDoDisableInterrupts', ID = '658'
Method 'SystemUInt32CosmosCore_AsmCPUImplGetAmountOfRAM', ID = '659'
Method 'SystemStringCosmosCore_PlugsSystemSRImplInternalGetResourceStringSystemString', ID = '663'
Method 'SystemBooleanCosmosCore_PlugsSystemStringImplEqualsSystemStringSystemStringComparison', ID = '665'
Method 'SystemVoidSystemBitConvertercctor', ID = '670'
Method 'SystemVoidCosmosCoreINTsPutErrorCharSystemInt32SystemInt32SystemChar', ID = '673'
Method 'SystemVoidCosmosCoreINTsPutErrorStringSystemInt32SystemInt32SystemString', ID = '674'
Method 'SystemVoidCosmosCoreIOPortBasectorSystemUInt16', ID = '677'
Method 'SystemVoidCosmosCoreMemoryBlock08ctorSystemUInt32SystemUInt32', ID = '684'
Method 'SystemVoidCosmosCoreMemoryBlock16ctorSystemUInt32SystemUInt32', ID = '685'
Method 'SystemVoidCosmosCoreMemoryBlock32ctorSystemUInt32SystemUInt32', ID = '686'
Method 'SystemVoidCosmosCoreBaseIOGroupsctor', ID = '693'
Method 'SystemVoidSystemCollectionsGenericList1CosmosHALPCIDevicecctor', ID = '694'
Method 'SystemVoidCosmosHALPCIDevicecctor', ID = '700'
Method 'SystemUInt16CosmosHALPCIDeviceReadRegister16SystemByte', ID = '703'
Method 'SystemByteCosmosHALPCIDeviceReadRegister8SystemByte', ID = '704'
Method 'SystemVoidCosmosHALPCIDeviceset_InterruptLineSystemByte', ID = '705'
Method 'SystemUInt32CosmosHALPCIDeviceReadRegister32SystemByte', ID = '707'
Method 'SystemVoidCosmosHALPCIBaseAddressBarctorSystemUInt32', ID = '708'
Method 'SystemVoidSystemCollectionsGenericList1CosmosHALPCIDeviceAddCosmosHALPCIDevice', ID = '709'
Method 'SystemBooleanCosmosCoreACPICheck_RSDSystemUInt32', ID = '711'
Method 'SystemVoidSystemThrowHelperThrowInvalidOperationExceptionSystemExceptionResource', ID = '715'
Method 'SystemStringCosmosCommonExtensionsToHexStringConvertToHexSystemUInt32SystemInt32', ID = '718'
Method 'SystemStringSystemStringConcatSystemStringSystemStringSystemString', ID = '720'
Method 'SystemBooleanCosmosHALPS2ControllerWaitForAck', ID = '722'
Method 'SystemVoidCosmosHALMouseBasector', ID = '725'
Method 'SystemVoidCosmosHALPS2MouseInitialize', ID = '727'
Method 'SystemVoidCosmosHALKeyboardBasector', ID = '729'
Method 'SystemVoidCosmosHALPS2KeyboardInitialize', ID = '731'
Method 'CosmosHALPCIDeviceCosmosHALPCIGetDeviceClassCosmosHALClassIDCosmosHALSubclassID', ID = '732'
Method 'SystemVoidCosmosCoreBaseIOGroupscctor', ID = '733'
Method 'SystemVoidCosmosHALBlockDeviceAtactor', ID = '736'
Method 'CosmosHALBlockDeviceAtaPioSpecLevelCosmosHALBlockDeviceAtaPioDiscoverDrive', ID = '737'
Method 'SystemVoidCosmosHALBlockDeviceAtaPioInitDrive', ID = '738'
Method 'SystemVoidCosmosHALBlockDeviceBlockDevicecctor', ID = '740'
Method 'SystemVoidSystemCollectionsGenericList1CosmosHALBlockDeviceBlockDeviceAddWithResizeCosmosHALBlockDeviceBlockDevice', ID = '742'
Method 'SystemVoidCosmosHALBlockDeviceAtacctor', ID = '743'
Method 'SystemStringCosmosHALBlockDeviceAtaToString', ID = '744'
Method 'SystemVoidCosmosHALBlockDeviceAtaPioReadBlockSystemUInt64SystemUInt64SystemBytearray', ID = '746'
Method 'SystemVoidSystemCollectionsGenericList1CosmosHALBlockDeviceMBRPartInfoctor', ID = '747'
Method 'SystemVoidCosmosHALBlockDeviceMBRParsePartitionSystemBytearraySystemUInt32', ID = '748'
Method 'SystemVoidSystemCollectionsGenericList1CosmosHALBlockDeviceEBRPartInfoctor', ID = '749'
Method 'SystemVoidCosmosHALBlockDeviceEBRParsePartitionSystemBytearraySystemUInt32', ID = '750'
Method 'SystemVoidSystemThrowHelperThrowArgumentOutOfRange_IndexException', ID = '754'
Method 'SystemVoidCosmosHALBlockDeviceBlockDevicector', ID = '756'
Method 'SystemUInt64CosmosHALBlockDeviceBlockDeviceget_BlockSize', ID = '757'
Method 'CosmosHALPCIDeviceCosmosHALPCIGetDeviceClassCosmosHALClassIDCosmosHALSubclassIDCosmosHALProgramIF', ID = '758'
Method 'SystemVoidSystemCollectionsGenericList1CosmosHALBlockDevicePortsStoragePortctor', ID = '759'
Method 'SystemVoidCosmosHALPCIDeviceWriteRegister16SystemByteSystemUInt16', ID = '760'
Method 'SystemUInt32CosmosCoreMemoryBlockget_ItemSystemUInt32', ID = '762'
Method 'SystemVoidCosmosCoreMemoryBlockset_ItemSystemUInt32SystemUInt32', ID = '763'
Method 'SystemUInt32CosmosHALBlockDeviceRegistersGenericRegistersget_Capabilities', ID = '764'
Method 'SystemVoidSystemThrowHelperThrowArgumentOutOfRangeExceptionSystemExceptionArgumentSystemExceptionResource', ID = '785'
Method 'SystemVoidSystemArrayCopySystemArraySystemInt32SystemArraySystemInt32SystemInt32', ID = '787'
Method 'SystemUInt32CosmosHALBlockDeviceRegistersGenericRegistersget_ImplementedPorts', ID = '789'
Method 'SystemVoidCosmosHALBlockDeviceRegistersPortRegistersctorSystemUInt32SystemUInt32', ID = '790'
Method 'CosmosHALBlockDeviceRegistersPortTypeCosmosHALBlockDeviceAHCICheckPortTypeCosmosHALBlockDeviceRegistersPortRegisters', ID = '791'
Method 'SystemStringSystemStringPadLeftSystemInt32SystemChar', ID = '793'
Method 'SystemVoidCosmosHALBlockDeviceAHCIPortRebaseCosmosHALBlockDeviceRegistersPortRegistersSystemUInt32', ID = '794'
Method 'SystemVoidCosmosHALBlockDevicePortsSATActorCosmosHALBlockDeviceRegistersPortRegisters', ID = '795'
Method 'SystemVoidSystemCollectionsGenericList1CosmosHALBlockDevicePortsStoragePortAddCosmosHALBlockDevicePortsStoragePort', ID = '796'
Method 'SystemVoidSystemCollectionsGenericList1EnumeratorCosmosHALBlockDevicePortsStoragePortctorSystemCollectionsGenericList1CosmosHALBlockDevicePortsStoragePort', ID = '797'
Method 'SystemStringCosmosCore_PlugsSystemStringImplFormatSystemStringSystemObjectSystemObject', ID = '799'
Method 'SystemStringCosmosCore_PlugsSystemStringImplFormatSystemStringSystemObject', ID = '800'
Method 'SystemBooleanSystemCollectionsGenericList1EnumeratorCosmosHALBlockDevicePortsStoragePortMoveNextRare', ID = '801'
Method 'SystemVoidSystemCollectionsGenericList1EnumeratorCosmosHALBlockDevicePortsStoragePortDispose', ID = '805'
Method 'SystemVoidSystemCollectionsGenericList1CosmosHALKeyboardBasector', ID = '806'
Method 'SystemVoidCosmosSystemScanMapsUS_Standardctor', ID = '808'
Method 'SystemVoidSystemCollectionsGenericQueue1CosmosSystemKeyEventctor', ID = '810'
Method 'SystemCollectionsGenericIEnumerable1CosmosHALKeyboardBaseCosmosHALGlobalGetKeyboardDevices', ID = '812'
Method 'SystemVoidCosmosSystemKeyboardManagerAddKeyboardCosmosHALKeyboardBase', ID = '815'
Method 'SystemVoidCosmosSystemPCSpeakerBeepSystemUInt32SystemUInt32', ID = '818'
Method 'SystemVoidCosmosSystemConsoleUpdateCursor', ID = '824'
Method 'SystemVoidSystemCollectionsGenericList1SystemCharAddWithResizeSystemChar', ID = '825'
Method 'SystemVoidCosmosHALKeyboardBaseWaitForKey', ID = '826'
Method 'SystemInt32SystemCollectionsGenericQueue1CosmosSystemKeyEventget_Count', ID = '827'
Method 'CosmosSystemKeyEventSystemCollectionsGenericQueue1CosmosSystemKeyEventDequeue', ID = '828'
Method 'SystemVoidCosmosCore_PlugsSystemStringImplCtorSystemChararraySystemStringSystemInt32SystemCharpointer', ID = '830'
Method 'SystemVoidCosmosCore_AsmRuntimeHelpersImplInitializeArraySystemArraySystemRuntimeFieldHandle', ID = '833'
Method 'SystemStringSystemCharToStringSystemChar', ID = '835'
Method 'SystemUInt32CosmosHALPITget_T0DelyNS', ID = '840'
Method 'SystemInt32SystemCollectionsGenericList1CosmosHALPITPITTimerget_Count', ID = '841'
Method 'CosmosHALPITPITTimerSystemCollectionsGenericList1CosmosHALPITPITTimerget_ItemSystemInt32', ID = '842'
Method 'SystemVoidSystemCollectionsGenericList1CosmosHALPITPITTimerRemoveAtSystemInt32', ID = '844'
Method 'SystemVoidCosmosCore_AsmDelegateImplInvoke', ID = '675'
Method 'SystemVoidCosmosCoreINTsSetIntHandlerSystemByteCosmosCoreINTsIRQDelegate', ID = '847'
Method 'SystemStringCosmosSystemGraphicsModeToString', ID = '849'
Method 'SystemVoidCosmosSystemGraphicsFullScreenCanvascctor', ID = '850'
Method 'SystemBooleanCosmosSystemGraphicsFullScreenCanvasSVGAIIExist', ID = '851'
Method 'SystemVoidCosmosSystemGraphicsSVGAIIScreenctorCosmosSystemGraphicsMode', ID = '852'
Method 'SystemVoidCosmosSystemGraphicsVBEScreenctorCosmosSystemGraphicsMode', ID = '853'
Method 'SystemVoidSystemCollectionsGenericList1CosmosHALMouseBasector', ID = '854'
Method 'SystemCollectionsGenericIEnumerable1CosmosHALMouseBaseCosmosHALGlobalGetMouseDevices', ID = '857'
Method 'SystemVoidCosmosSystemMouseManagerAddMouseCosmosHALMouseBase', ID = '860'
Method 'SystemVoidSystemDrawingColorcctor', ID = '861'
Method 'SystemStringSystemDrawingColorToString', ID = '862'
Method 'SystemStringCosmosSystemGraphicsPenToString', ID = '865'
Method 'SystemVoidCosmosSystemGraphicsCanvasThrowIfCoordNotValidSystemInt32SystemInt32', ID = '866'
Method 'SystemVoidCosmosSystemGraphicsCanvasDrawHorizontalLineCosmosSystemGraphicsPenSystemInt32SystemInt32SystemInt32', ID = '867'
Method 'SystemVoidCosmosSystemGraphicsCanvasDrawVerticalLineCosmosSystemGraphicsPenSystemInt32SystemInt32SystemInt32', ID = '868'
Method 'SystemVoidCosmosSystemGraphicsCanvasDrawDiagonalLineCosmosSystemGraphicsPenSystemInt32SystemInt32SystemInt32SystemInt32', ID = '869'
Method 'SystemInt32SystemStringIndexOfSystemChar', ID = '870'
Method 'SystemVoidSystemFormatExceptionctor', ID = '871'
Method 'SystemDateTimeCosmosSystem_PlugsSystemDateTimeImplget_Now', ID = '874'
Method 'SystemDateTimeSystemDateTimeAddSystemDoubleSystemInt32', ID = '875'
Method 'SystemInt64SystemDateTimeget_InternalTicks', ID = '876'
Method 'SystemVoidCosmosHALPowerACPIShutdown', ID = '878'
Method 'SystemVoidCosmosCore_PlugsSystemEnvironmentImplCCtor', ID = '881'
Method 'SystemStringSystemSRget_Arg_IndexOutOfRangeException', ID = '883'
Method 'SystemVoidSystemBufferMemcpySystemBytepointerSystemBytepointerSystemInt32', ID = '884'
Method 'SystemVoidSystemTextEncodingcctor', ID = '885'
Method 'SystemInt32SystemTextASCIIEncodingGetByteCountSystemString', ID = '891'
Method 'SystemInt32SystemTextASCIIEncodingGetBytesSystemStringSystemInt32SystemInt32SystemBytearraySystemInt32', ID = '893'
Method 'SystemVoidCosmosCore_PlugsSystemTypeImplCCtor', ID = '897'
Method 'SystemVoidCosmosCoreCosmosRuntimeTypector', ID = '900'
Method 'SystemVoidCosmosCommonStringHelpercctor', ID = '901'
Method 'SystemStringCosmosSystem_PlugsSystemUInt64ImplToString', ID = '902'
Method 'SystemChararrayCosmosCore_PlugsSystemStringImplToCharArray', ID = '903'
Method 'SystemStringSystemSRget_ArgumentOutOfRange_StartIndex', ID = '904'
Method 'SystemVoidSystemArgumentOutOfRangeExceptionctorSystemStringSystemString', ID = '905'
Method 'SystemStringSystemSRget_ArgumentOutOfRange_StartIndexLargerThanLength', ID = '906'
Method 'SystemStringSystemSRget_ArgumentOutOfRange_NegativeLength', ID = '907'
Method 'SystemStringSystemSRget_ArgumentOutOfRange_IndexLength', ID = '908'
Method 'SystemStringSystemStringInternalSubStringSystemInt32SystemInt32', ID = '909'
Method 'SystemStringSystemSRget_ArgumentOutOfRange_ActualValue', ID = '910'
Method 'SystemStringSystemSRFormatSystemStringSystemObject', ID = '911'
Method 'SystemStringSystemSRget_Arg_ParamName_Name', ID = '912'
Method 'SystemBooleanSystemStringop_EqualitySystemStringSystemString', ID = '914'
Method 'SystemStringSystemStringToLower', ID = '915'
Method 'SystemBooleanCosmosCore_PlugsSystemStringImplEqualsHelperSystemStringSystemString', ID = '916'
Method 'SystemStringCosmosSystem_PlugsSystemInt64ImplToString', ID = '917'
Method 'SystemVoidSystemNotImplementedExceptionctor', ID = '920'
Method 'SystemStringCosmosSystem_PlugsSystemByteImplToString', ID = '921'
Method 'SystemByteCosmosCore_AsmIOPortImplRead8SystemUInt16', ID = '922'
Method 'SystemVoidCosmosCore_AsmIOPortImplWrite8SystemUInt16SystemByte', ID = '923'
Method 'SystemStringCosmosSystem_PlugsSystemEnumImplToString', ID = '927'
Method 'SystemStringCosmosSystem_PlugsSystemUInt16ImplToString', ID = '928'
Method 'SystemVoidCosmosCoreIOGroupPS2Controllerctor', ID = '929'
Method 'SystemVoidCosmosCoreIOGroupPITctor', ID = '930'
Method 'SystemVoidCosmosCoreIOGroupATActorSystemBoolean', ID = '931'
Method 'SystemVoidCosmosCoreIOGroupRTCctor', ID = '932'
Method 'SystemVoidCosmosCoreIOGroupVBEctor', ID = '933'
Method 'SystemVoidCosmosCoreIOGroupPCIctor', ID = '934'
Method 'SystemVoidCosmosCore_AsmIOPortImplWrite32SystemUInt16SystemUInt32', ID = '935'
Method 'SystemUInt32CosmosCore_AsmIOPortImplRead32SystemUInt16', ID = '936'
Method 'SystemVoidSystemCollectionsGenericList1CosmosHALPCIDeviceAddWithResizeCosmosHALPCIDevice', ID = '937'
Method 'SystemInvalidOperationExceptionSystemThrowHelperGetInvalidOperationExceptionSystemExceptionResource', ID = '940'
Method 'SystemStringCosmosCommonExtensionsToHexStringConvertToHexSystemUInt32', ID = '941'
Method 'SystemVoidCosmosCore_PlugsSystemOutOfMemoryExceptionImplCtor', ID = '943'
Method 'SystemVoidCosmosHALPS2Mousecctor', ID = '944'
Method 'SystemVoidCosmosHALPS2MouseSendCommandCosmosHALPS2MouseCommandSystemNullable1SystemByte', ID = '945'
Method 'SystemBooleanCosmosHALPS2ControllerWaitForDeviceReset', ID = '946'
Method 'SystemByteCosmosHALPS2MouseTryToEnableScrollWheel', ID = '947'
Method 'SystemByteCosmosHALPS2MouseTryToEnableAdditionalButtons', ID = '948'
Method 'SystemVoidCosmosHALPS2MouseHandleMouseCosmosCoreINTsIRQContext', ID = '949'
Method 'SystemVoidCosmosHALPS2KeyboardSendCommandCosmosHALPS2KeyboardCommandSystemNullable1SystemByte', ID = '950'
Method 'SystemVoidCosmosHALPS2KeyboardHandleIRQCosmosCoreINTsIRQContext', ID = '951'
Method 'CosmosHALPCIDeviceSystemCollectionsGenericList1CosmosHALPCIDeviceget_ItemSystemInt32', ID = '955'
Method 'SystemInt32SystemCollectionsGenericList1CosmosHALPCIDeviceget_Count', ID = '956'
Method 'SystemVoidCosmosCoreIOGroupPCSpeakerctor', ID = '957'
Method 'SystemVoidCosmosHALBlockDeviceAtaPiocctor', ID = '959'
Method 'SystemStringCosmosHALBlockDeviceAtaPioToString', ID = '960'
Method 'SystemVoidCosmosHALBlockDeviceAtaPioSelectDriveSystemByte', ID = '961'
Method 'CosmosHALBlockDeviceAtaPioStatusCosmosHALBlockDeviceAtaPioSendCmdCosmosHALBlockDeviceAtaPioCmdSystemBoolean', ID = '962'
Method 'CosmosHALBlockDeviceAtaPioStatusCosmosHALBlockDeviceAtaPioSendCmdCosmosHALBlockDeviceAtaPioCmd', ID = '963'
Method 'SystemVoidCosmosCoreIOPortBaseRead16SystemUInt16array', ID = '964'
Method 'SystemStringCosmosHALBlockDeviceAtaPioGetStringSystemUInt16arraySystemInt32SystemInt32', ID = '965'
Method 'SystemVoidSystemCollectionsGenericList1CosmosHALBlockDeviceBlockDevicector', ID = '966'
Method 'SystemVoidSystemCollectionsGenericList1CosmosHALBlockDeviceBlockDevicecctor', ID = '967'
Method 'SystemVoidSystemCollectionsGenericList1CosmosHALBlockDeviceBlockDeviceEnsureCapacitySystemInt32', ID = '973'
Method 'SystemVoidCosmosHALBlockDeviceBlockDeviceCheckDataSizeSystemBytearraySystemUInt64', ID = '976'
Method 'SystemVoidCosmosHALBlockDeviceAtaPioSelectSectorSystemUInt64SystemUInt64', ID = '977'
Method 'SystemVoidCosmosCoreIOPortBaseRead8SystemBytearray', ID = '978'
Method 'SystemUInt32SystemBitConverterToUInt32SystemBytearraySystemInt32', ID = '980'
Method 'SystemVoidCosmosHALBlockDeviceMBRPartInfoctorSystemByteSystemUInt32SystemUInt32', ID = '981'
Method 'SystemVoidSystemCollectionsGenericList1CosmosHALBlockDeviceMBRPartInfoAddCosmosHALBlockDeviceMBRPartInfo', ID = '982'
Method 'SystemVoidCosmosHALBlockDeviceEBRPartInfoctorSystemByteSystemUInt32SystemUInt32', ID = '984'
Method 'SystemVoidSystemCollectionsGenericList1CosmosHALBlockDeviceEBRPartInfoAddCosmosHALBlockDeviceEBRPartInfo', ID = '985'
Method 'SystemVoidSystemCollectionsGenericList1CosmosHALBlockDeviceEBRPartInfocctor', ID = '986'
Method 'SystemVoidSystemCollectionsGenericList1CosmosHALBlockDeviceMBRPartInfocctor', ID = '992'
Method 'SystemVoidCosmosDebugKernelPlugsAsmDebuggerDoSendNumberSystemInt32', ID = '998'
Method 'SystemArgumentOutOfRangeExceptionSystemThrowHelperGetArgumentOutOfRangeExceptionSystemExceptionArgumentSystemExceptionResource', ID = '999'
Method 'SystemStringCosmosHALBlockDevicePartitionToString', ID = '1000'
Method 'SystemVoidCosmosHALBlockDevicePartitionReadBlockSystemUInt64SystemUInt64SystemBytearray', ID = '1001'
Method 'SystemVoidCosmosCoreIOPortset_WordSystemUInt16', ID = '1003'
Method 'SystemVoidSystemCollectionsGenericList1CosmosHALBlockDevicePortsStoragePortcctor', ID = '1004'
Method 'SystemUInt32CosmosHALBlockDeviceRegistersPortRegistersget_SSTS', ID = '1012'
Method 'SystemUInt32CosmosHALBlockDeviceRegistersPortRegistersget_SIG', ID = '1013'
Method 'SystemStringSystemSRget_ArgumentOutOfRange_NeedNonNegNum', ID = '1014'
Method 'SystemBooleanCosmosHALBlockDeviceAHCIStopCMDCosmosHALBlockDeviceRegistersPortRegisters', ID = '1015'
Method 'SystemVoidCosmosHALBlockDevicePortsSATAPortResetCosmosHALBlockDeviceRegistersPortRegisters', ID = '1016'
Method 'SystemVoidCosmosHALBlockDeviceRegistersPortRegistersset_CLBSystemUInt32', ID = '1017'
Method 'SystemVoidCosmosHALBlockDeviceRegistersPortRegistersset_FBSystemUInt32', ID = '1018'
Method 'SystemVoidCosmosHALBlockDeviceRegistersPortRegistersset_SERRSystemUInt32', ID = '1019'
Method 'SystemVoidCosmosHALBlockDeviceRegistersPortRegistersset_ISSystemUInt32', ID = '1020'
Method 'SystemVoidCosmosHALBlockDeviceRegistersPortRegistersset_IESystemUInt32', ID = '1021'
Method 'SystemUInt32CosmosHALBlockDeviceRegistersPortRegistersget_CLB', ID = '1022'
Method 'SystemVoidCosmosCoreMemoryBlockFillSystemByte', ID = '1023'
Method 'SystemUInt32CosmosHALBlockDeviceRegistersPortRegistersget_FB', ID = '1024'
Method 'CosmosHALBlockDeviceRegistersHBACommandHeaderarrayCosmosHALBlockDeviceAHCIGetCommandHeaderCosmosHALBlockDeviceRegistersPortRegisters', ID = '1025'
Method 'SystemBooleanCosmosHALBlockDeviceAHCIStartCMDCosmosHALBlockDeviceRegistersPortRegisters', ID = '1026'
Method 'SystemVoidCosmosHALBlockDevicePortsStoragePortctor', ID = '1028'
Method 'SystemUInt32CosmosHALBlockDeviceRegistersPortRegistersget_CMD', ID = '1029'
Method 'SystemVoidCosmosCoreMemoryGroupAHCIctorSystemUInt32', ID = '1030'
Method 'SystemVoidCosmosHALBlockDevicePortsSATASendSATA28CommandCosmosHALBlockDeviceRegistersATACommandsSystemUInt32SystemUInt32', ID = '1031'
Method 'SystemVoidCosmosCoreMemoryBlockRead16SystemUInt16array', ID = '1033'
Method 'SystemStringCosmosHALBlockDevicePortsSATAGetStringSystemUInt16arraySystemInt32SystemInt32', ID = '1034'
Method 'SystemVoidSystemCollectionsGenericList1CosmosHALBlockDevicePortsStoragePortAddWithResizeCosmosHALBlockDevicePortsStoragePort', ID = '1035'
Method 'SystemStringCosmosCore_PlugsSystemStringImplFormatHelperSystemIFormatProviderSystemStringSystemObjectarray', ID = '1036'
Method 'SystemVoidSystemThrowHelperThrowInvalidOperationException_InvalidOperation_EnumFailedVersion', ID = '1037'
Method 'SystemVoidCosmosSystemScanMapBasector', ID = '1041'
Method 'CosmosSystemKeyEventarraySystemArrayEmptyCosmosSystemKeyEvent', ID = '1043'
Method 'SystemVoidSystemCollectionsGenericList1CosmosHALKeyboardBaseAddCosmosHALKeyboardBase', ID = '1045'
Method 'SystemCollectionsGenericIEnumerator1CosmosHALKeyboardBaseSystemCollectionsGenericList1CosmosHALKeyboardBaseSystemCollectionsGenericIEnumerableTGetEnumerator', ID = '1047'
Method 'SystemVoidCosmosSystemKeyboardManagerHandleScanCodeSystemByteSystemBoolean', ID = '1048'
Method 'SystemVoidCosmosCore_AsmDelegateImplCtorSystemObjectSystemIntPtr', ID = '846'
Method 'SystemVoidCosmosHALPCSpeakerBeepSystemUInt32SystemUInt32', ID = '1050'
Method 'SystemVoidSystemCollectionsGenericList1SystemCharcctor', ID = '1051'
Method 'SystemBooleanCosmosCore_PlugsSystemRuntimeCompilerServicesRuntimeHelpersImplIsReferenceOrContainsReferences', ID = '1057'
Method 'SystemVoidSystemCollectionsGenericList1SystemCharEnsureCapacitySystemInt32', ID = '1059'
Method 'CosmosCoreCPUCosmosCoreGlobalget_CPU', ID = '1060'
Method 'SystemVoidSystemCollectionsGenericQueue1CosmosSystemKeyEventThrowForEmptyQueue', ID = '1062'
Method 'SystemVoidSystemCollectionsGenericQueue1CosmosSystemKeyEventMoveNextSystemInt32', ID = '1064'
Method 'SystemStringSystemStringCreateFromCharSystemChar', ID = '1068'
Method 'SystemVoidCosmosCore_PlugsSystemStringImplcctor', ID = '1069'
Method 'SystemVoidSystemCollectionsGenericList1CosmosHALPITPITTimercctor', ID = '1070'
Method 'SystemVoidCosmosHALPITPITTimerDispose', ID = '1076'
Method 'CosmosHALPCIDeviceCosmosHALPCIGetDeviceCosmosHALVendorIDCosmosHALDeviceID', ID = '1080'
Method 'SystemVoidCosmosSystemGraphicsCanvasctorCosmosSystemGraphicsMode', ID = '1083'
Method 'SystemVoidCosmosSystemGraphicsCanvasThrowIfModeIsNotValidCosmosSystemGraphicsMode', ID = '1084'
Method 'SystemVoidCosmosHALDriversPCIVideoVMWareSVGAIIctor', ID = '1085'
Method 'CosmosSystemGraphicsColorDepthCosmosSystemGraphicsModeget_ColorDepth', ID = '1086'
Method 'SystemVoidCosmosHALDriversPCIVideoVMWareSVGAIISetModeSystemUInt32SystemUInt32SystemUInt32', ID = '1087'
Method 'SystemVoidCosmosHALDriversVBEDriverctorSystemUInt16SystemUInt16SystemUInt16', ID = '1089'
Method 'SystemVoidSystemCollectionsGenericList1CosmosHALMouseBaseAddCosmosHALMouseBase', ID = '1093'
Method 'SystemCollectionsGenericIEnumerator1CosmosHALMouseBaseSystemCollectionsGenericList1CosmosHALMouseBaseSystemCollectionsGenericIEnumerableTGetEnumerator', ID = '1095'
Method 'SystemVoidCosmosSystemMouseManagerHandleMouseSystemInt32SystemInt32SystemInt32SystemInt32', ID = '1096'
Method 'SystemVoidCosmosCore_AsmDelegateImplCtorSystemObjectSystemIntPtr', ID = '846'
Method 'SystemStringSystemDrawingColorget_Name', ID = '1098'
Method 'SystemByteSystemDrawingColorget_A', ID = '1099'
Method 'SystemByteSystemDrawingColorget_R', ID = '1100'
Method 'SystemByteSystemDrawingColorget_G', ID = '1101'
Method 'SystemByteSystemDrawingColorget_B', ID = '1102'
Method 'SystemStringSystemStringConcatSystemStringarray', ID = '1103'
Method 'SystemInt32SystemMathAbsSystemInt32', ID = '1105'
Method 'SystemInt32SystemMathSignSystemInt32', ID = '1106'
Method 'SystemStringSystemSRget_Arg_FormatException', ID = '1108'
Method 'SystemVoidSystemSinglecctor', ID = '1109'
Method 'SystemVoidSystemDateTimecctor', ID = '1113'
Method 'SystemByteCosmosHALRTCget_Century', ID = '1118'
Method 'SystemByteCosmosHALRTCget_Year', ID = '1119'
Method 'SystemByteCosmosHALRTCget_Month', ID = '1120'
Method 'SystemByteCosmosHALRTCget_DayOfTheMonth', ID = '1121'
Method 'SystemByteCosmosHALRTCget_Hour', ID = '1122'
Method 'SystemByteCosmosHALRTCget_Minute', ID = '1123'
Method 'SystemByteCosmosHALRTCget_Second', ID = '1124'
Method 'SystemVoidSystemDateTimectorSystemInt32SystemInt32SystemInt32SystemInt32SystemInt32SystemInt32', ID = '1125'
Method 'SystemStringSystemSRget_ArgumentOutOfRange_AddValue', ID = '1126'
Method 'SystemDateTimeSystemDateTimeAddTicksSystemInt64', ID = '1127'
Method 'SystemVoidCosmosCoreACPIShutdown', ID = '1129'
Method 'SystemVoidSystemTextASCIIEncodingcctor', ID = '1130'
Method 'SystemVoidSystemBufferMemmoveSystemBytepointerSystemBytepointerSystemUInt32', ID = '1133'
Method 'SystemVoidSystemTextUTF8EncodingUTF8EncodingSealedctorSystemBoolean', ID = '1134'
Method 'SystemInt32SystemTextEncodingGetByteCountSystemCharpointerSystemInt32SystemTextEncoderNLS', ID = '1137'
Method 'SystemInt32SystemTextASCIIEncodingGetByteCountSystemChararraySystemInt32SystemInt32', ID = '1138'
Method 'SystemStringSystemSRget_ArgumentNull_Array', ID = '1139'
Method 'SystemStringSystemSRget_ArgumentOutOfRange_IndexCount', ID = '1140'
Method 'SystemStringSystemSRget_ArgumentOutOfRange_Index', ID = '1141'
Method 'SystemInt32SystemTextEncodingGetBytesSystemCharpointerSystemInt32SystemBytepointerSystemInt32SystemTextEncoderNLS', ID = '1142'
Method 'SystemInt32SystemTextASCIIEncodingGetBytesSystemChararraySystemInt32SystemInt32SystemBytearraySystemInt32', ID = '1143'
Method 'SystemVoidCosmosHALTextScreenScrollUp', ID = '1144'
Method 'SystemVoidCosmosHALTextScreenset_ItemSystemInt32SystemInt32SystemByte', ID = '1145'
Method 'SystemStringCosmosCoreCosmosRuntimeTypeget_Name', ID = '1147'
Method 'SystemVoidSystemTypector', ID = '1148'
Method 'SystemStringCosmosCommonStringHelperGetNumberStringSystemUInt64', ID = '1154'
Method 'SystemBooleanSystemSRUsingResourceKeys', ID = '1155'
Method 'SystemStringSystemStringJoinSystemStringSystemObjectarray', ID = '1156'
Method 'SystemBooleanSystemStringEqualsSystemStringSystemString', ID = '1157'
Method 'SystemStringCosmosCommonStringHelperGetNumberStringSystemInt64', ID = '1163'
Method 'SystemStringSystemSRget_Arg_NotImplementedException', ID = '1164'
Method 'SystemVoidCosmosCoreIOPortReadctorSystemUInt16', ID = '1170'
Method 'SystemVoidCosmosCoreIOPortWritectorSystemUInt16', ID = '1171'
Method 'SystemUInt16CosmosCoreIOGroupATAGetBAR0SystemBoolean', ID = '1172'
Method 'SystemUInt16CosmosCoreIOGroupATAGetBAR1SystemBoolean', ID = '1173'
Method 'SystemVoidCosmosCoreIOPortWritectorSystemUInt16SystemUInt16', ID = '1174'
Method 'SystemVoidCosmosCoreIOPortctorSystemUInt16SystemUInt16', ID = '1175'
Method 'SystemVoidCosmosCoreIOPortReadctorSystemUInt16SystemUInt16', ID = '1176'
Method 'SystemVoidSystemCollectionsGenericList1CosmosHALPCIDeviceEnsureCapacitySystemInt32', ID = '1179'
Method 'SystemStringSystemThrowHelperGetResourceStringSystemExceptionResource', ID = '1180'
Method 'SystemCharCosmosCommonExtensionsToHexStringDigitToHexCharSystemByte', ID = '1181'
Method 'SystemByteCosmosHALPS2Mouseget_PS2Port', ID = '1185'
Method 'SystemVoidCosmosHALPS2ControllerPrepareSecondPortWrite', ID = '1186'
Method 'SystemByteCosmosHALPS2ControllerReadByteAfterAck', ID = '1187'
Method 'SystemBooleanCosmosHALPS2Mouseget_HasScrollWheel', ID = '1188'
Method 'SystemVoidCosmosCore_AsmDelegateImplInvoke', ID = '675'
Method 'SystemByteCosmosHALPS2Keyboardget_PS2Port', ID = '1191'
Method 'SystemVoidCosmosCore_AsmDelegateImplInvoke', ID = '675'
Method 'SystemVoidCosmosHALPS2KeyboardUpdateLeds', ID = '1193'
Method 'SystemVoidCosmosHALBlockDeviceAtaPioWait', ID = '1196'
Method 'SystemVoidCosmosHALBlockDeviceAtaPioDebugSystemString', ID = '1199'
Method 'SystemVoidCosmosHALBlockDeviceAtaPioDebugHexSystemStringSystemUInt32', ID = '1200'
Method 'SystemVoidSystemCollectionsGenericList1CosmosHALBlockDeviceBlockDeviceset_CapacitySystemInt32', ID = '1204'
Method 'SystemVoidCosmosHALBlockDeviceBlockDeviceCheckBlockNoSystemUInt64SystemUInt64', ID = '1205'
Method 'SystemVoidCosmosCoreIOPortWriteset_WordSystemUInt16', ID = '1206'
Method 'SystemInt32SystemBitConverterReadInt32SystemBytearraySystemInt32', ID = '1207'
Method 'SystemVoidSystemCollectionsGenericList1CosmosHALBlockDeviceMBRPartInfoAddWithResizeCosmosHALBlockDeviceMBRPartInfo', ID = '1208'
Method 'SystemVoidSystemCollectionsGenericList1CosmosHALBlockDeviceEBRPartInfoAddWithResizeCosmosHALBlockDeviceEBRPartInfo', ID = '1210'
Method 'SystemStringSystemThrowHelperGetArgumentNameSystemExceptionArgument', ID = '1211'
Method 'SystemVoidCosmosCore_AsmArrayImplCopySystemArraySystemInt32SystemArraySystemInt32SystemInt32SystemBoolean', ID = '1213'
Method 'SystemVoidCosmosHALBlockDeviceRegistersPortRegistersset_CMDSystemUInt32', ID = '1214'
Method 'SystemVoidCosmosHALBlockDeviceAHCIWaitSystemInt32', ID = '1215'
Method 'SystemUInt32CosmosHALBlockDeviceRegistersPortRegistersget_CI', ID = '1216'
Method 'SystemUInt32CosmosHALBlockDeviceRegistersPortRegistersget_TFD', ID = '1217'
Method 'SystemVoidCosmosHALBlockDeviceAHCIHBAReset', ID = '1218'
Method 'SystemVoidCosmosHALBlockDeviceRegistersPortRegistersset_SCTLSystemUInt32', ID = '1219'
Method 'SystemUInt32CosmosHALBlockDeviceRegistersPortRegistersget_SCTL', ID = '1220'
Method 'SystemVoidCosmosCoreMemoryBlockFillSystemUInt32SystemUInt32SystemByte', ID = '1221'
Method 'SystemVoidCosmosHALBlockDeviceRegistersHBACommandHeaderctorSystemUInt32SystemUInt32', ID = '1224'
Method 'SystemVoidCosmosHALBlockDeviceRegistersHBACommandHeaderset_PRDTLSystemUInt16', ID = '1225'
Method 'SystemVoidCosmosHALBlockDeviceRegistersHBACommandHeaderset_CTBASystemUInt32', ID = '1226'
Method 'SystemVoidCosmosHALBlockDeviceRegistersHBACommandHeaderset_CTBAUSystemUInt32', ID = '1227'
Method 'SystemUInt32CosmosHALBlockDeviceRegistersHBACommandHeaderget_CTBA', ID = '1228'
Method 'SystemVoidCosmosHALBlockDevicePortsSATAcctor', ID = '1229'
Method 'SystemVoidCosmosHALBlockDevicePortsSATAReadBlockSystemUInt64SystemUInt64SystemBytearray', ID = '1230'
Method 'CosmosHALBlockDeviceRegistersPortTypeCosmosHALBlockDevicePortsSATAget_mPortType', ID = '1231'
Method 'SystemStringCosmosHALBlockDevicePortsSATAget_mPortName', ID = '1232'
Method 'SystemUInt32CosmosHALBlockDevicePortsSATAget_mPortNumber', ID = '1233'
Method 'SystemInt32CosmosHALBlockDevicePortsSATAFindCMDSlot', ID = '1235'
Method 'SystemVoidCosmosHALBlockDeviceRegistersHBACommandHeaderset_CFLSystemByte', ID = '1236'
Method 'SystemVoidCosmosHALBlockDeviceRegistersHBACommandHeaderset_WriteSystemByte', ID = '1237'
Method 'SystemUInt16CosmosHALBlockDeviceRegistersHBACommandHeaderget_PRDTL', ID = '1238'
Method 'SystemVoidCosmosHALBlockDeviceRegistersHBACommandTablectorSystemUInt32SystemUInt32', ID = '1239'
Method 'SystemVoidCosmosHALBlockDeviceRegistersHBAPRDTEntryset_DBASystemUInt32', ID = '1241'
Method 'SystemVoidCosmosHALBlockDeviceRegistersHBAPRDTEntryset_DBCSystemUInt32', ID = '1242'
Method 'SystemVoidCosmosHALBlockDeviceRegistersHBAPRDTEntryset_InterruptOnCompletionSystemByte', ID = '1243'
Method 'SystemUInt32CosmosHALBlockDeviceRegistersHBACommandTableget_CFIS', ID = '1244'
Method 'SystemVoidCosmosHALBlockDeviceRegistersFISRegisterH2DctorSystemUInt32', ID = '1245'
Method 'SystemVoidCosmosHALBlockDeviceRegistersFISRegisterH2Dset_FISTypeSystemByte', ID = '1246'
Method 'SystemVoidCosmosHALBlockDeviceRegistersFISRegisterH2Dset_IsCommandSystemByte', ID = '1247'
Method 'SystemVoidCosmosHALBlockDeviceRegistersFISRegisterH2Dset_CommandSystemByte', ID = '1248'
Method 'SystemVoidCosmosHALBlockDeviceRegistersFISRegisterH2Dset_DeviceSystemByte', ID = '1249'
Method 'SystemVoidCosmosHALBlockDeviceRegistersFISRegisterH2Dset_LBA0SystemByte', ID = '1250'
Method 'SystemVoidCosmosHALBlockDeviceRegistersFISRegisterH2Dset_LBA1SystemByte', ID = '1251'
Method 'SystemVoidCosmosHALBlockDeviceRegistersFISRegisterH2Dset_LBA2SystemByte', ID = '1252'
Method 'SystemVoidCosmosHALBlockDeviceRegistersFISRegisterH2Dset_CountLSystemByte', ID = '1253'
Method 'SystemVoidCosmosHALBlockDeviceRegistersPortRegistersset_CISystemUInt32', ID = '1255'
Method 'SystemUInt32CosmosHALBlockDeviceRegistersPortRegistersget_IS', ID = '1256'
Method 'SystemVoidSystemCollectionsGenericList1CosmosHALBlockDevicePortsStoragePortEnsureCapacitySystemInt32', ID = '1257'
Method 'SystemInt32CosmosCommonStringHelperGetStringToNumberSystemString', ID = '1259'
Method 'SystemBooleanSystemCharIsDigitSystemChar', ID = '1260'
Method 'SystemVoidSystemCollectionsGenericList1CosmosHALKeyboardBasecctor', ID = '1261'
Method 'SystemVoidSystemCollectionsGenericList1CosmosHALKeyboardBaseAddWithResizeCosmosHALKeyboardBase', ID = '1273'
Method 'SystemVoidSystemCollectionsGenericList1EnumeratorCosmosHALKeyboardBasectorSystemCollectionsGenericList1CosmosHALKeyboardBase', ID = '1274'
Method 'SystemBooleanCosmosSystemScanMapBaseScanCodeMatchesKeySystemByteCosmosSystemConsoleKeyEx', ID = '1276'
Method 'SystemBooleanCosmosSystemKeyboardManagerget_CapsLock', ID = '1277'
Method 'SystemVoidCosmosSystemKeyboardManagerUpdateLeds', ID = '1278'
Method 'SystemBooleanCosmosSystemKeyboardManagerget_NumLock', ID = '1279'
Method 'SystemBooleanCosmosSystemKeyboardManagerget_ScrollLock', ID = '1280'
Method 'SystemVoidCosmosSystemKeyboardManagerset_ControlPressedSystemBoolean', ID = '1281'
Method 'SystemVoidCosmosSystemKeyboardManagerset_ShiftPressedSystemBoolean', ID = '1282'
Method 'SystemVoidCosmosSystemKeyboardManagerset_AltPressedSystemBoolean', ID = '1283'
Method 'SystemBooleanCosmosSystemKeyboardManagerget_ControlPressed', ID = '1284'
Method 'SystemBooleanCosmosSystemKeyboardManagerget_AltPressed', ID = '1285'
Method 'SystemVoidCosmosSystemPowerReboot', ID = '1286'
Method 'SystemBooleanCosmosSystemKeyboardManagerGetKeySystemByteCosmosSystemKeyEvent', ID = '1287'
Method 'SystemVoidCosmosSystemKeyboardManagerEnqueueCosmosSystemKeyEvent', ID = '1288'
Method 'SystemVoidCosmosHALPCSpeakerBeepSystemUInt32', ID = '1291'
Method 'SystemVoidCosmosHALPITWaitSystemUInt32', ID = '1293'
Method 'SystemVoidCosmosHALPCSpeakerDisableSound', ID = '1294'
Method 'SystemVoidCosmosHALTextScreenSetCursorPosSystemInt32SystemInt32', ID = '1296'
Method 'SystemVoidSystemCollectionsGenericList1SystemCharset_CapacitySystemInt32', ID = '1297'
Method 'SystemVoidCosmosCore_AsmCPUImplHalt', ID = '1298'
Method 'SystemStringSystemSRget_InvalidOperation_EmptyQueue', ID = '1299'
Method 'SystemVoidCosmosHALPITUnregisterTimerSystemInt32', ID = '1302'
Method 'SystemStringCosmosCore_PlugsSystemStringImplFormatSystemStringSystemObjectSystemObjectSystemObject', ID = '1303'
Method 'SystemVoidCosmosSystemGraphicsSVGAIIScreencctor', ID = '1306'
Method 'SystemVoidCosmosSystemGraphicsSVGAIIScreenClearSystemDrawingColor', ID = '1307'
Method 'SystemVoidCosmosSystemGraphicsSVGAIIScreenset_ModeCosmosSystemGraphicsMode', ID = '1308'
Method 'SystemVoidCosmosSystemGraphicsSVGAIIScreenDrawPointCosmosSystemGraphicsPenSystemInt32SystemInt32', ID = '1309'
Method 'SystemBooleanCosmosSystemGraphicsCanvasCheckIfModeIsValidCosmosSystemGraphicsMode', ID = '1313'
Method 'SystemVoidCosmosHALDriversPCIVideoVMWareSVGAIIWriteRegisterCosmosHALDriversPCIVideoVMWareSVGAIIRegisterSystemUInt32', ID = '1315'
Method 'SystemUInt32CosmosHALDriversPCIVideoVMWareSVGAIIReadRegisterCosmosHALDriversPCIVideoVMWareSVGAIIRegister', ID = '1316'
Method 'SystemVoidCosmosHALDriversPCIVideoVMWareSVGAIIInitializeFIFO', ID = '1317'
Method 'SystemVoidCosmosSystemGraphicsVBEScreencctor', ID = '1318'
Method 'SystemVoidCosmosSystemGraphicsVBEScreenClearSystemDrawingColor', ID = '1319'
Method 'SystemVoidCosmosSystemGraphicsVBEScreenset_ModeCosmosSystemGraphicsMode', ID = '1320'
Method 'SystemVoidCosmosSystemGraphicsVBEScreenDrawPointCosmosSystemGraphicsPenSystemInt32SystemInt32', ID = '1321'
Method 'SystemVoidCosmosHALDriversVBEDriverVBESetSystemUInt16SystemUInt16SystemUInt16', ID = '1323'
Method 'SystemVoidSystemCollectionsGenericList1CosmosHALMouseBasecctor', ID = '1324'
Method 'SystemVoidSystemCollectionsGenericList1CosmosHALMouseBaseAddWithResizeCosmosHALMouseBase', ID = '1329'
Method 'SystemVoidSystemCollectionsGenericList1EnumeratorCosmosHALMouseBasectorSystemCollectionsGenericList1CosmosHALMouseBase', ID = '1330'
Method 'SystemUInt32CosmosSystemMouseManagerget_ScreenWidth', ID = '1333'
Method 'SystemUInt32CosmosSystemMouseManagerget_ScreenHeight', ID = '1334'
Method 'SystemBooleanSystemDrawingColorget_IsKnownColor', ID = '1336'
Method 'SystemStringSystemDrawingKnownColorTableKnownColorToNameSystemDrawingKnownColor', ID = '1337'
Method 'SystemInt64SystemDrawingColorget_Value', ID = '1339'
Method 'SystemObjectSystemArrayClone', ID = '1341'
Method 'CosmosSystemGraphicsModeCosmosSystemGraphicsSVGAIIScreenget_Mode', ID = '1342'
Method 'CosmosSystemGraphicsModeCosmosSystemGraphicsVBEScreenget_Mode', ID = '1343'
Method 'SystemInt32SystemMathAbsHelperSystemInt32', ID = '1345'
Method 'SystemInt32CosmosCore_PlugsSystemStringImplIndexOfSystemCharSystemInt32SystemInt32', ID = '1346'
Method 'SystemSingleSystemBitConverterInt32BitsToSingleSystemInt32', ID = '1347'
Method 'SystemStringCosmosSystem_PlugsSystemFloatImplToString', ID = '1349'
Method 'SystemVoidSystemDateTimectorSystemInt64SystemDateTimeKind', ID = '1354'
Method 'SystemStringCosmosSystem_PlugsSystemDateTimeImplToString', ID = '1357'
Method 'SystemVoidCosmosHALRTCWaitForReady', ID = '1359'
Method 'SystemByteCosmosHALRTCFromBCDSystemByte', ID = '1362'
Method 'SystemInt64SystemDateTimeDateToTicksSystemInt32SystemInt32SystemInt32', ID = '1364'
Method 'SystemInt64SystemDateTimeTimeToTicksSystemInt32SystemInt32SystemInt32', ID = '1365'
Method 'SystemStringSystemSRget_ArgumentOutOfRange_DateArithmetic', ID = '1366'
Method 'SystemUInt64SystemDateTimeget_InternalKind', ID = '1367'
Method 'SystemVoidSystemDateTimectorSystemUInt64', ID = '1368'
Method 'SystemVoidSystemTextASCIIEncodingASCIIEncodingSealedctor', ID = '1370'
Method 'SystemVoidSystemBuffer_MemmoveSystemBytepointerSystemBytepointerSystemUInt32', ID = '1373'
Method 'SystemVoidSystemTextUTF8EncodingctorSystemBoolean', ID = '1375'
Method 'SystemInt32CosmosSystem_PlugsSystemRuntimeRuntimeHelpersImplget_OffsetToStringData', ID = '1376'
Method 'SystemInt32SystemTextASCIIEncodingGetByteCountSystemCharpointerSystemInt32SystemTextEncoderNLS', ID = '1378'
Method 'SystemInt32SystemTextUTF8EncodingGetByteCountSystemCharpointerSystemInt32SystemTextEncoderNLS', ID = '1379'
Method 'SystemInt32SystemTextEncodingGetByteCountSystemCharpointerSystemInt32', ID = '1380'
Method 'SystemStringSystemSRget_ArgumentOutOfRange_IndexCountBuffer', ID = '1381'
Method 'SystemInt32SystemTextASCIIEncodingGetBytesSystemCharpointerSystemInt32SystemBytepointerSystemInt32SystemTextEncoderNLS', ID = '1382'
Method 'SystemInt32SystemTextUTF8EncodingGetBytesSystemCharpointerSystemInt32SystemBytepointerSystemInt32SystemTextEncoderNLS', ID = '1383'
Method 'SystemInt32SystemTextEncodingGetBytesSystemCharpointerSystemInt32SystemBytepointerSystemInt32', ID = '1384'
Method 'SystemVoidCosmosCoreMemoryBlockMoveDownSystemUInt32SystemUInt32SystemUInt32', ID = '1385'
Method 'SystemVoidCosmosCoreMemoryBlockFillSystemUInt32SystemUInt32SystemUInt16', ID = '1386'
Method 'SystemVoidCosmosCoreMemoryBlock08set_ItemSystemUInt32SystemByte', ID = '1387'
Method 'SystemVoidCosmosCore_PlugsSystemTypeImplcctor', ID = '1388'
Method 'SystemVoidSystemReflectionMemberInfoctor', ID = '1389'
Method 'SystemVoidSystemGuidcctor', ID = '1390'
Method 'SystemStringSystemGuidToString', ID = '1391'
Method 'SystemStringSystemStringJoinCoreSystemCharpointerSystemInt32SystemObjectarray', ID = '1394'
Method 'SystemGlobalizationCultureInfoCosmosCore_PlugsSystemGlobalizationCultureInfoImplget_CurrentCulture', ID = '1397'
Method 'SystemStringCosmosCore_PlugsSystemStringImplToLowerSystemGlobalizationCultureInfo', ID = '1398'
Method 'SystemInt32CosmosCore_PlugsSystemStringImplCompareToSystemString', ID = '1399'
Method 'SystemVoidCosmosCoreIOPortBasectorSystemUInt16SystemUInt16', ID = '1400'
Method 'SystemVoidSystemCollectionsGenericList1CosmosHALPCIDeviceset_CapacitySystemInt32', ID = '1401'
Method 'SystemStringSystemSRGetResourceStringSystemString', ID = '1402'
Method 'SystemUInt16CosmosCore_AsmIOPortImplRead16SystemUInt16', ID = '1408'
Method 'SystemVoidSystemThrowHelperThrowArgumentNullExceptionSystemExceptionArgument', ID = '1409'
Method 'SystemVoidSystemThrowHelperThrowArgumentExceptionSystemExceptionResourceSystemExceptionArgument', ID = '1410'
Method 'SystemInt32SystemRuntimeCompilerServicesUnsafeReadUnalignedSystemInt32SystemByte', ID = '1411'
Method 'SystemVoidSystemCollectionsGenericList1CosmosHALBlockDeviceMBRPartInfoEnsureCapacitySystemInt32', ID = '1412'
Method 'SystemVoidSystemCollectionsGenericList1CosmosHALBlockDeviceEBRPartInfoEnsureCapacitySystemInt32', ID = '1413'
Method 'SystemVoidCosmosCore_AsmIOPortImplWrite16SystemUInt16SystemUInt16', ID = '1414'
Method 'SystemVoidCosmosCoreMemoryOperationsFillSystemBytepointerSystemByteSystemInt32', ID = '1416'
Method 'SystemVoidCosmosCoreMemoryBlock16set_ItemSystemUInt32SystemUInt16', ID = '1422'
Method 'SystemVoidCosmosHALBlockDevicePortsSATASendSATA48CommandCosmosHALBlockDeviceRegistersATACommandsSystemUInt64SystemUInt32', ID = '1423'
Method 'SystemVoidCosmosCoreMemoryBlockRead8SystemBytearray', ID = '1424'
Method 'SystemUInt32CosmosHALBlockDeviceRegistersPortRegistersget_SACT', ID = '1425'
Method 'SystemByteCosmosCoreMemoryBlock08get_ItemSystemUInt32', ID = '1426'
Method 'SystemUInt16CosmosCoreMemoryBlock16get_ItemSystemUInt32', ID = '1427'
Method 'SystemVoidCosmosHALBlockDeviceRegistersHBAPRDTEntryctorSystemUInt32SystemUInt32', ID = '1429'
Method 'SystemBooleanSystemStringIsNullOrWhiteSpaceSystemString', ID = '1431'
Method 'SystemBooleanSystemCharIsLatin1SystemChar', ID = '1432'
Method 'SystemGlobalizationUnicodeCategorySystemGlobalizationCharUnicodeInfoGetUnicodeCategorySystemChar', ID = '1433'
Method 'SystemVoidCosmosSystemScanMapsUS_StandardInitKeys', ID = '1434'
Method 'SystemVoidSystemArrayEmptyArray1CosmosSystemKeyEventcctor', ID = '1438'
Method 'SystemVoidSystemCollectionsGenericList1CosmosHALKeyboardBaseEnsureCapacitySystemInt32', ID = '1439'
Method 'SystemVoidSystemCollectionsGenericList1EnumeratorCosmosHALKeyboardBaseDispose', ID = '1440'
Method 'CosmosHALKeyboardBaseSystemCollectionsGenericList1EnumeratorCosmosHALKeyboardBaseget_Current', ID = '1441'
Method 'SystemBooleanSystemCollectionsGenericList1EnumeratorCosmosHALKeyboardBaseMoveNext', ID = '1442'
Method 'CosmosSystemKeyMappingSystemCollectionsGenericList1CosmosSystemKeyMappingget_ItemSystemInt32', ID = '1443'
Method 'SystemInt32SystemCollectionsGenericList1CosmosSystemKeyMappingget_Count', ID = '1445'
Method 'SystemCollectionsGenericList1EnumeratorCosmosHALKeyboardBaseSystemCollectionsGenericList1CosmosHALKeyboardBaseGetEnumerator', ID = '1446'
Method 'SystemVoidCosmosHALPowerCPUReboot', ID = '1450'
Method 'SystemBooleanCosmosSystemKeyboardManagerget_ShiftPressed', ID = '1452'
Method 'CosmosSystemKeyEventCosmosSystemScanMapBaseConvertScanCodeSystemByteSystemBooleanSystemBooleanSystemBooleanSystemBooleanSystemBooleanSystemBoolean', ID = '1453'
Method 'SystemVoidSystemCollectionsGenericQueue1CosmosSystemKeyEventEnqueueCosmosSystemKeyEvent', ID = '1454'
Method 'SystemVoidCosmosHALPCSpeakercctor', ID = '1455'
Method 'SystemVoidCosmosHALPCSpeakerEnableSound', ID = '1457'
Method 'SystemVoidCosmosHALPITSignalWait', ID = '1458'
Method 'SystemVoidCosmosCore_AsmDelegateImplCtorSystemObjectSystemIntPtr', ID = '846'
Method 'SystemVoidCosmosHALPITPITTimerctorCosmosHALPITPITTimerdOnTriggerSystemInt32SystemBoolean', ID = '1460'
Method 'SystemInt32CosmosHALPITRegisterTimerCosmosHALPITPITTimer', ID = '1461'
Method 'SystemInt32SystemDrawingColorToArgb', ID = '1463'
Method 'SystemVoidCosmosHALDriversPCIVideoVMWareSVGAIIFillSystemUInt32SystemUInt32SystemUInt32SystemUInt32SystemUInt32', ID = '1464'
Method 'SystemVoidCosmosSystemGraphicsSVGAIIScreenSetGraphicsModeCosmosSystemGraphicsMode', ID = '1465'
Method 'SystemDrawingColorCosmosSystemGraphicsPenget_Color', ID = '1466'
Method 'SystemVoidCosmosHALDriversPCIVideoVMWareSVGAIISetPixelSystemUInt32SystemUInt32SystemUInt32', ID = '1467'
Method 'SystemVoidCosmosHALDriversPCIVideoVMWareSVGAIIUpdateSystemUInt32SystemUInt32SystemUInt32SystemUInt32', ID = '1468'
Method 'SystemCollectionsGenericList1CosmosSystemGraphicsModeCosmosSystemGraphicsSVGAIIScreengetAvailableModes', ID = '1470'
Method 'SystemCollectionsGenericList1CosmosSystemGraphicsModeCosmosSystemGraphicsVBEScreengetAvailableModes', ID = '1471'
Method 'CosmosSystemGraphicsModeCosmosSystemGraphicsSVGAIIScreengetDefaultGraphicMode', ID = '1472'
Method 'CosmosSystemGraphicsModeCosmosSystemGraphicsVBEScreengetDefaultGraphicMode', ID = '1473'
Method 'SystemCollectionsGenericList1EnumeratorCosmosSystemGraphicsModeSystemCollectionsGenericList1CosmosSystemGraphicsModeGetEnumerator', ID = '1474'
Method 'CosmosSystemGraphicsModeSystemCollectionsGenericList1EnumeratorCosmosSystemGraphicsModeget_Current', ID = '1475'
Method 'SystemBooleanCosmosSystemGraphicsModeop_EqualityCosmosSystemGraphicsModeCosmosSystemGraphicsMode', ID = '1476'
Method 'SystemBooleanSystemCollectionsGenericList1EnumeratorCosmosSystemGraphicsModeMoveNext', ID = '1477'
Method 'SystemVoidCosmosHALDriversVBEDriverClearVRAMSystemUInt32', ID = '1481'
Method 'SystemVoidCosmosSystemGraphicsVBEScreenSetModeCosmosSystemGraphicsMode', ID = '1482'
Method 'SystemInt32CosmosSystemGraphicsVBEScreenGetPointOffsetSystemInt32SystemInt32', ID = '1483'
Method 'SystemVoidCosmosHALDriversVBEDriverSetVRAMSystemUInt32SystemUInt32', ID = '1484'
Method 'SystemVoidCosmosHALDriversVBEDriverDisableDisplay', ID = '1485'
Method 'SystemVoidCosmosHALDriversVBEDriverSetXResolutionSystemUInt16', ID = '1486'
Method 'SystemVoidCosmosHALDriversVBEDriverSetYResolutionSystemUInt16', ID = '1487'
Method 'SystemVoidCosmosHALDriversVBEDriverSetDisplayBPPSystemUInt16', ID = '1488'
Method 'SystemVoidCosmosHALDriversVBEDriverEnableDisplayCosmosHALDriversVBEDriverEnableValues', ID = '1489'
Method 'SystemVoidSystemCollectionsGenericList1CosmosHALMouseBaseEnsureCapacitySystemInt32', ID = '1490'
Method 'SystemVoidSystemCollectionsGenericList1EnumeratorCosmosHALMouseBaseDispose', ID = '1491'
Method 'SystemBooleanSystemCollectionsGenericList1EnumeratorCosmosHALMouseBaseMoveNext', ID = '1492'
Method 'CosmosHALMouseBaseSystemCollectionsGenericList1EnumeratorCosmosHALMouseBaseget_Current', ID = '1493'
Method 'SystemVoidSystemDrawingKnownColorTableEnsureColorNameTable', ID = '1495'
Method 'SystemStringCosmosSystem_PlugsSystemConvertImplToStringSystemInt64SystemInt32', ID = '1498'
Method 'SystemInt32SystemDrawingKnownColorTableKnownColorToArgbSystemDrawingKnownColor', ID = '1499'
Method 'SystemVoidSystemMathcctor', ID = '1506'
Method 'SystemStringSystemSRget_Overflow_NegateTwosCompNum', ID = '1507'
Method 'SystemStringCosmosCommonStringHelperGetNumberStringSystemSingle', ID = '1510'
Method 'SystemStringSystemSRget_ArgumentOutOfRange_DateTimeBadTicks', ID = '1512'
Method 'SystemStringSystemSRget_Argument_InvalidDateTimeKind', ID = '1513'
Method 'SystemInt32SystemDateTimeget_Year', ID = '1515'
Method 'SystemInt32SystemDateTimeget_Month', ID = '1516'
Method 'SystemInt32SystemDateTimeget_Day', ID = '1517'
Method 'SystemInt32SystemDateTimeget_Hour', ID = '1518'
Method 'SystemInt32SystemDateTimeget_Minute', ID = '1519'
Method 'SystemInt32SystemDateTimeget_Second', ID = '1520'
Method 'SystemVoidCosmosHALRTCcctor', ID = '1521'
Method 'SystemBooleanSystemDateTimeIsLeapYearSystemInt32', ID = '1522'
Method 'SystemStringSystemSRget_ArgumentOutOfRange_BadYearMonthDay', ID = '1523'
Method 'SystemInt64SystemTimeSpanTimeToTicksSystemInt32SystemInt32SystemInt32', ID = '1524'
Method 'SystemStringSystemSRget_ArgumentOutOfRange_BadHourMinuteSecond', ID = '1525'
Method 'SystemVoidCosmosSystem_PlugsSystemConsoleImplClear', ID = '1526'
Method 'SystemVoidSystemTextASCIIEncodingctor', ID = '1528'
Method 'SystemInt32SystemTextUTF8EncodingGetByteCountSystemString', ID = '1531'
Method 'SystemInt32SystemTextUTF8EncodingGetBytesSystemStringSystemInt32SystemInt32SystemBytearraySystemInt32', ID = '1532'
Method 'SystemInt32SystemTextUTF8EncodingGetByteCountSystemChararraySystemInt32SystemInt32', ID = '1533'
Method 'SystemInt32SystemTextUTF8EncodingGetBytesSystemChararraySystemInt32SystemInt32SystemBytearraySystemInt32', ID = '1534'
Method 'SystemVoidSystemTextUTF8EncodingctorSystemBooleanSystemBoolean', ID = '1535'
Method 'SystemTextEncoderFallbackSystemTextEncoderget_Fallback', ID = '1538'
Method 'SystemBooleanSystemTextEncoderget_InternalHasFallbackBuffer', ID = '1540'
Method 'SystemTextEncoderFallbackBufferSystemTextEncoderget_FallbackBuffer', ID = '1541'
Method 'SystemStringSystemSRget_Argument_EncoderFallbackNotEmpty', ID = '1543'
Method 'SystemStringSystemTextEncodingget_EncodingName', ID = '1544'
Method 'SystemStringSystemSRFormatSystemStringSystemObjectSystemObject', ID = '1545'
Method 'SystemVoidSystemArgumentExceptionctorSystemString', ID = '1546'
Method 'SystemVoidSystemTextEncoderFallbackBufferInternalInitializeSystemCharpointerSystemCharpointerSystemTextEncoderNLSSystemBoolean', ID = '1547'
Method 'SystemTextEncoderFallbackSystemTextEncodingget_EncoderFallback', ID = '1548'
Method 'SystemBooleanSystemTextEncoderFallbackBufferInternalFallbackSystemCharSystemCharpointer', ID = '1550'
Method 'SystemCharSystemTextEncoderFallbackBufferInternalGetNextChar', ID = '1552'
Method 'SystemBooleanSystemTextUTF8EncodingInRangeSystemInt32SystemInt32SystemInt32', ID = '1555'
Method 'SystemBooleanSystemTextEncoderNLSget_MustFlush', ID = '1556'
Method 'SystemInt32SystemTextUTF8EncodingPtrDiffSystemCharpointerSystemCharpointer', ID = '1557'
Method 'SystemInt32SystemTextASCIIEncodingGetByteCountSystemCharpointerSystemInt32', ID = '1558'
Method 'SystemInt32SystemTextUTF8EncodingGetByteCountSystemCharpointerSystemInt32', ID = '1559'
Method 'SystemStringSystemTextEncoderReplacementFallbackget_DefaultString', ID = '1560'
Method 'SystemVoidSystemTextEncodingThrowBytesOverflowSystemTextEncoderNLSSystemBoolean', ID = '1561'
Method 'SystemInt32SystemTextUTF8EncodingPtrDiffSystemBytepointerSystemBytepointer', ID = '1563'
Method 'SystemInt32SystemTextASCIIEncodingGetBytesSystemCharpointerSystemInt32SystemBytepointerSystemInt32', ID = '1564'
Method 'SystemInt32SystemTextUTF8EncodingGetBytesSystemCharpointerSystemInt32SystemBytepointerSystemInt32', ID = '1565'
Method 'SystemVoidCosmosCoreMemoryOperationsFillSystemUInt16pointerSystemUInt16SystemInt32', ID = '1567'
Method 'SystemStringSystemGuidToStringSystemStringSystemIFormatProvider', ID = '1569'
Method 'SystemTextStringBuilderSystemTextStringBuilderCacheAcquireSystemInt32', ID = '1570'
Method 'SystemTextStringBuilderSystemTextStringBuilderAppendSystemString', ID = '1571'
Method 'SystemTextStringBuilderSystemTextStringBuilderAppendSystemCharpointerSystemInt32', ID = '1572'
Method 'SystemStringSystemTextStringBuilderCacheGetStringAndReleaseSystemTextStringBuilder', ID = '1573'
Method 'SystemStringSystemGlobalizationCultureInfoToString', ID = '1575'
Method 'SystemStringCosmosCore_PlugsSystemStringImplChangeCasingSystemStringSystemInt32SystemInt32SystemInt32', ID = '1577'
Method 'SystemArgumentNullExceptionSystemThrowHelperGetArgumentNullExceptionSystemExceptionArgument', ID = '1578'
Method 'SystemArgumentExceptionSystemThrowHelperGetArgumentExceptionSystemExceptionResourceSystemExceptionArgument', ID = '1579'
Method 'SystemVoidSystemCollectionsGenericList1CosmosHALBlockDeviceMBRPartInfoset_CapacitySystemInt32', ID = '1581'
Method 'SystemVoidSystemCollectionsGenericList1CosmosHALBlockDeviceEBRPartInfoset_CapacitySystemInt32', ID = '1582'
Method 'SystemVoidCosmosHALBlockDeviceRegistersFISRegisterH2Dset_LBA3SystemByte', ID = '1585'
Method 'SystemVoidCosmosHALBlockDeviceRegistersFISRegisterH2Dset_LBA4SystemByte', ID = '1586'
Method 'SystemVoidCosmosHALBlockDeviceRegistersFISRegisterH2Dset_LBA5SystemByte', ID = '1587'
Method 'SystemVoidCosmosHALBlockDeviceRegistersFISRegisterH2Dset_CountHSystemByte', ID = '1588'
Method 'SystemBooleanSystemCharIsWhiteSpaceSystemChar', ID = '1589'
Method 'SystemGlobalizationUnicodeCategorySystemGlobalizationCharUnicodeInfoInternalGetUnicodeCategorySystemInt32', ID = '1592'
Method 'SystemVoidSystemCollectionsGenericList1CosmosSystemKeyMappingctorSystemInt32', ID = '1593'
Method 'SystemVoidCosmosSystemKeyMappingctorSystemByteCosmosSystemConsoleKeyEx', ID = '1594'
Method 'SystemVoidSystemCollectionsGenericList1CosmosSystemKeyMappingAddCosmosSystemKeyMapping', ID = '1595'
Method 'SystemVoidCosmosSystemKeyMappingctorSystemByteSystemCharSystemCharSystemCharSystemCharSystemCharSystemCharCosmosSystemConsoleKeyEx', ID = '1596'
Method 'SystemVoidCosmosSystemKeyMappingctorSystemByteSystemCharCosmosSystemConsoleKeyEx', ID = '1597'
Method 'SystemVoidCosmosSystemKeyMappingctorSystemByteSystemCharSystemCharSystemCharSystemCharSystemCharSystemCharCosmosSystemConsoleKeyExCosmosSystemConsoleKeyEx', ID = '1598'
Method 'SystemVoidSystemCollectionsGenericList1CosmosHALKeyboardBaseset_CapacitySystemInt32', ID = '1599'
Method 'SystemBooleanSystemCollectionsGenericList1EnumeratorCosmosHALKeyboardBaseMoveNextRare', ID = '1600'
Method 'SystemVoidCosmosCoreCPUReboot', ID = '1602'
Method 'SystemVoidCosmosSystemKeyEventctor', ID = '1603'
Method 'SystemConsoleModifiersCosmosSystemKeyEventget_Modifiers', ID = '1604'
Method 'SystemVoidCosmosSystemKeyEventset_ModifiersSystemConsoleModifiers', ID = '1605'
Method 'SystemVoidCosmosSystemKeyEventset_TypeCosmosSystemKeyEventKeyEventType', ID = '1606'
Method 'SystemVoidCosmosSystemKeyEventset_KeyCharSystemChar', ID = '1607'
Method 'SystemVoidCosmosSystemKeyEventset_KeyCosmosSystemConsoleKeyEx', ID = '1608'
Method 'SystemVoidSystemCollectionsGenericQueue1CosmosSystemKeyEventSetCapacitySystemInt32', ID = '1609'
Method 'SystemVoidSystemCollectionsGenericList1CosmosHALPITPITTimerAddCosmosHALPITPITTimer', ID = '1610'
Method 'SystemVoidCosmosHALDriversPCIVideoVMWareSVGAIIWriteToFifoSystemUInt32', ID = '1611'
Method 'SystemVoidCosmosHALDriversPCIVideoVMWareSVGAIIWaitForFifo', ID = '1612'
Method 'SystemVoidCosmosHALDriversPCIVideoVMWareSVGAIICopySystemUInt32SystemUInt32SystemUInt32SystemUInt32SystemUInt32SystemUInt32', ID = '1613'
Method 'SystemVoidSystemCollectionsGenericList1CosmosSystemGraphicsModecctor', ID = '1614'
Method 'SystemVoidSystemCollectionsGenericList1CosmosSystemGraphicsModector', ID = '1620'
Method 'SystemVoidSystemCollectionsGenericList1CosmosSystemGraphicsModeAddCosmosSystemGraphicsMode', ID = '1621'
Method 'SystemVoidSystemCollectionsGenericList1EnumeratorCosmosSystemGraphicsModectorSystemCollectionsGenericList1CosmosSystemGraphicsMode', ID = '1622'
Method 'SystemBooleanCosmosSystemGraphicsModeEqualsCosmosSystemGraphicsMode', ID = '1623'
Method 'SystemBooleanSystemCollectionsGenericList1EnumeratorCosmosSystemGraphicsModeMoveNextRare', ID = '1624'
Method 'SystemVoidSystemCollectionsGenericList1EnumeratorCosmosSystemGraphicsModeDispose', ID = '1625'
Method 'SystemVoidCosmosCoreMemoryBlockFillSystemUInt32', ID = '1627'
Method 'SystemVoidCosmosCoreMemoryBlock32set_ItemSystemUInt32SystemUInt32', ID = '1628'
Method 'SystemVoidCosmosHALDriversVBEDriverWriteCosmosHALDriversVBEDriverRegisterIndexSystemUInt16', ID = '1629'
Method 'SystemVoidSystemCollectionsGenericList1CosmosHALMouseBaseset_CapacitySystemInt32', ID = '1631'
Method 'SystemBooleanSystemCollectionsGenericList1EnumeratorCosmosHALMouseBaseMoveNextRare', ID = '1632'
Method 'SystemVoidSystemDrawingKnownColorTableInitColorNameTable', ID = '1633'
Method 'SystemVoidSystemConvertcctor', ID = '1634'
Method 'SystemVoidSystemDrawingKnownColorTableEnsureColorTable', ID = '1637'
Method 'SystemUInt64CosmosCore_PlugsSystemObjectImplMemberwiseClone', ID = '1639'
Method 'SystemBytearraySystemBitConverterGetBytesSystemSingle', ID = '1643'
Method 'SystemInt32SystemBitConverterToInt32SystemBytearraySystemInt32', ID = '1644'
Method 'SystemInt32SystemDateTimeGetDatePartSystemInt32', ID = '1645'
Method 'SystemStringSystemSRget_ArgumentOutOfRange_Year', ID = '1647'
Method 'SystemStringSystemSRget_Overflow_TimeSpanTooLong', ID = '1649'
Method 'SystemVoidCosmosSystemConsoleClear', ID = '1650'
Method 'SystemVoidSystemTextEncodingctorSystemInt32', ID = '1651'
Method 'SystemVoidCosmosCore_PlugsSystemBufferImpl__MemmoveSystemBytepointerSystemBytepointerSystemUInt32', ID = '1652'
Method 'SystemVoidSystemTextUTF8Encodingcctor', ID = '1653'
Method 'SystemVoidSystemTextEncodingSetDefaultFallbacks', ID = '1654'
Method 'SystemTextEncoderFallbackSystemTextEncoderFallbackget_ReplacementFallback', ID = '1656'
Method 'SystemInt32SystemTextEncoderReplacementFallbackget_MaxCharCount', ID = '1657'
Method 'SystemBooleanSystemCharIsHighSurrogateSystemChar', ID = '1659'
Method 'SystemBooleanSystemCharIsLowSurrogateSystemChar', ID = '1660'
Method 'SystemInt32SystemCharConvertToUtf32SystemCharSystemChar', ID = '1661'
Method 'SystemVoidSystemTextEncoderFallbackBufferThrowLastCharRecursiveSystemInt32', ID = '1662'
Method 'SystemTextEncoderFallbackBufferSystemTextEncoderReplacementFallbackCreateFallbackBuffer', ID = '1665'
Method 'SystemTextEncoderFallbackBufferCosmosCore_PlugsSystemTextEncoderFallbackImplCreateFallbackBuffer', ID = '1666'
Method 'SystemVoidSystemTextEncoderFallbackBufferInternalReset', ID = '1668'
Method 'SystemVoidSystemTextEncodingThrowBytesOverflow', ID = '1669'
Method 'SystemVoidSystemTextEncoderNLSClearMustFlush', ID = '1670'
Method 'SystemVoidCosmosCore_PlugsMemoryOperationsMemoryOperationsImplCopySystemBytepointerSystemBytepointerSystemInt32', ID = '1671'
Method 'SystemStringSystemSRget_Format_InvalidGuidFormatSpecification', ID = '1673'
Method 'SystemInt32SystemGuidHexsToCharsSystemCharpointerSystemInt32SystemInt32', ID = '1674'
Method 'SystemInt32SystemGuidHexsToCharsHexOutputSystemCharpointerSystemInt32SystemInt32', ID = '1675'
Method 'SystemInt32SystemTextStringBuilderget_Capacity', ID = '1679'
Method 'SystemTextStringBuilderSystemTextStringBuilderClear', ID = '1680'
Method 'SystemVoidSystemTextStringBuilderctorSystemInt32', ID = '1681'
Method 'SystemVoidSystemTextStringBuilderAppendHelperSystemString', ID = '1682'
Method 'SystemStringSystemSRget_ArgumentOutOfRange_NegativeCount', ID = '1683'
Method 'SystemInt32SystemTextStringBuilderget_Length', ID = '1684'
Method 'SystemStringSystemSRget_ArgumentOutOfRange_LengthGreaterThanCapacity', ID = '1685'
Method 'SystemVoidSystemTextStringBuilderThreadSafeCopySystemCharpointerSystemChararraySystemInt32SystemInt32', ID = '1686'
Method 'SystemVoidSystemTextStringBuilderExpandByABlockSystemInt32', ID = '1687'
Method 'SystemVoidSystemTextStringBuilderCacheReleaseSystemTextStringBuilder', ID = '1688'
Method 'SystemVoidCosmosCore_PlugsSystemGlobalizationCultureInfoImplCCtor', ID = '1689'
Method 'SystemVoidCosmosCore_PlugsMemoryOperationsMemoryOperationsImplFillSystemBytepointerSystemInt32SystemInt32', ID = '1690'
Method 'SystemBooleanSystemCharIsWhiteSpaceLatin1SystemChar', ID = '1691'
Method 'SystemBooleanSystemGlobalizationCharUnicodeInfoIsWhiteSpaceSystemChar', ID = '1692'
Method 'SystemByteSystemGlobalizationCharUnicodeInfoInternalGetCategoryValueSystemInt32SystemInt32', ID = '1694'
Method 'SystemVoidSystemCollectionsGenericList1CosmosSystemKeyMappingAddWithResizeCosmosSystemKeyMapping', ID = '1696'
Method 'SystemVoidCosmosSystemKeyMappingctorSystemByteSystemCharSystemCharSystemCharSystemCharSystemCharSystemCharSystemCharSystemCharSystemCharSystemCharCosmosSystemConsoleKeyEx', ID = '1697'
Method 'SystemVoidCosmosSystemKeyMappingctorSystemByteSystemCharSystemCharSystemCharSystemCharSystemCharSystemCharSystemCharCosmosSystemConsoleKeyExCosmosSystemConsoleKeyEx', ID = '1698'
Method 'SystemVoidSystemCollectionsGenericList1CosmosSystemKeyMappingcctor', ID = '1699'
Method 'SystemVoidSystemCollectionsGenericList1CosmosHALPITPITTimerAddWithResizeCosmosHALPITPITTimer', ID = '1707'
Method 'SystemUInt32CosmosHALDriversPCIVideoVMWareSVGAIIGetFIFOCosmosHALDriversPCIVideoVMWareSVGAIIFIFO', ID = '1708'
Method 'SystemUInt32CosmosHALDriversPCIVideoVMWareSVGAIISetFIFOCosmosHALDriversPCIVideoVMWareSVGAIIFIFOSystemUInt32', ID = '1709'
Method 'SystemVoidSystemCollectionsGenericList1CosmosSystemGraphicsModeAddWithResizeCosmosSystemGraphicsMode', ID = '1711'
Method 'SystemVoidCosmosCoreMemoryBlockFillSystemUInt32SystemUInt32SystemUInt32', ID = '1712'
Method 'SystemVoidCosmosSystem_PlugsSystemConvertImplcctor', ID = '1726'
Method 'SystemVoidSystemDrawingKnownColorTableInitColorTable', ID = '1727'
Method 'SystemSingleSystemRuntimeCompilerServicesUnsafeAsSystemByteSystemSingleSystemByte', ID = '1728'
Method 'SystemVoidSystemTimeSpancctor', ID = '1729'
Method 'SystemVoidSystemTextASCIIEncodingSetDefaultFallbacks', ID = '1736'
Method 'SystemVoidSystemTextUTF8EncodingSetDefaultFallbacks', ID = '1737'
Method 'SystemVoidSystemTextInternalEncoderBestFitFallbackctorSystemTextEncoding', ID = '1738'
Method 'SystemVoidSystemTextInternalDecoderBestFitFallbackctorSystemTextEncoding', ID = '1739'
Method 'SystemVoidSystemThreadingMonitorEnterSystemObjectSystemBoolean', ID = '1742'
Method 'SystemVoidSystemTextEncoderReplacementFallbackctor', ID = '1743'
Method 'SystemStringSystemSRget_ArgumentOutOfRange_InvalidHighSurrogate', ID = '1745'
Method 'SystemStringSystemSRget_ArgumentOutOfRange_InvalidLowSurrogate', ID = '1746'
Method 'SystemStringSystemSRget_Argument_RecursiveFallback', ID = '1747'
Method 'SystemVoidSystemTextEncoderReplacementFallbackBufferctorSystemTextEncoderReplacementFallback', ID = '1748'
Method 'SystemVoidSystemTextEncoderFallbackBufferReset', ID = '1750'
Method 'SystemStringSystemSRget_Argument_EncodingConversionOverflowBytes', ID = '1751'
Method 'SystemVoidCosmosCore_PlugsMemoryOperationsMemoryOperationsImplCopyTinySystemBytepointerSystemBytepointerSystemInt32', ID = '1753'
Method 'SystemInt32SystemMathDivRemSystemInt32SystemInt32SystemInt32', ID = '1754'
Method 'SystemVoidCosmosCore_PlugsMemoryOperationsMemoryOperationsImplCopy128BlocksSystemBytepointerSystemBytepointerSystemInt32', ID = '1755'
Method 'SystemCharSystemGuidHexToCharSystemInt32', ID = '1756'
Method 'SystemStringSystemTextStringBuilderToString', ID = '1757'
Method 'SystemVoidSystemTextStringBuilderset_LengthSystemInt32', ID = '1758'
Method 'SystemVoidSystemTextStringBuilderctorSystemInt32SystemInt32', ID = '1759'
Method 'SystemStringSystemSRget_ArgumentOutOfRange_SmallCapacity', ID = '1760'
Method 'SystemInt32SystemMathMinSystemInt32SystemInt32', ID = '1761'
Method 'SystemInt32SystemMathMaxSystemInt32SystemInt32', ID = '1762'
Method 'SystemVoidSystemTextStringBuilderctorSystemTextStringBuilder', ID = '1763'
Method 'SystemVoidCosmosCore_PlugsMemoryOperationsMemoryOperationsImplFill16BlocksSystemBytepointerSystemInt32SystemInt32', ID = '1764'
Method 'SystemVoidCosmosCore_PlugsSystemCharUnicodeInfoImplCctor', ID = '1765'
Method 'SystemVoidSystemCollectionsGenericList1CosmosSystemKeyMappingEnsureCapacitySystemInt32', ID = '1768'
Method 'SystemVoidCosmosSystemKeyMappingctorSystemByteSystemCharSystemCharSystemCharSystemCharSystemCharSystemCharSystemCharSystemCharSystemCharSystemCharCosmosSystemConsoleKeyExCosmosSystemConsoleKeyEx', ID = '1769'
Method 'SystemVoidSystemCollectionsGenericList1CosmosHALPITPITTimerEnsureCapacitySystemInt32', ID = '1770'
Method 'SystemVoidSystemCollectionsGenericList1CosmosSystemGraphicsModeEnsureCapacitySystemInt32', ID = '1772'
Method 'SystemVoidCosmosCoreMemoryOperationsFillSystemUInt32pointerSystemUInt32SystemInt32', ID = '1773'
Method 'SystemVoidSystemEmptycctor', ID = '1774'
Method 'SystemStringSystemEmptyToString', ID = '1775'
Method 'SystemTypeCosmosCore_PlugsSystemTypeImplGetTypeFromHandleSystemUInt64', ID = '1777'
Method 'SystemVoidSystemDBNullcctor', ID = '1778'
Method 'SystemStringSystemDBNullToString', ID = '1779'
Method 'SystemVoidSystemDecimalcctor', ID = '1786'
Method 'SystemVoidSystemTimeSpanctorSystemInt64', ID = '1792'
Method 'SystemStringCosmosSystem_PlugsSystemTimeSpanImplToString', ID = '1796'
Method 'SystemVoidCosmosHALTextScreenClear', ID = '1797'
Method 'SystemTextDecoderFallbackSystemTextDecoderFallbackget_ReplacementFallback', ID = '1798'
Method 'SystemTextEncoderFallbackSystemTextEncoderFallbackget_ExceptionFallback', ID = '1799'
Method 'SystemTextDecoderFallbackSystemTextDecoderFallbackget_ExceptionFallback', ID = '1800'
Method 'SystemVoidSystemTextEncoderReplacementFallbackctorSystemString', ID = '1801'
Method 'SystemVoidSystemTextDecoderReplacementFallbackctorSystemString', ID = '1802'
Method 'SystemVoidSystemTextEncoderFallbackctor', ID = '1804'
Method 'SystemVoidSystemTextDecoderFallbackctor', ID = '1806'
Method 'SystemObjectCosmosCore_PlugsSystemTextEncoderFallbackImplget_InternalSyncObject', ID = '1808'
Method 'SystemVoidSystemThreadingMonitorThrowLockTakenException', ID = '1811'
Method 'SystemVoidCosmosCore_PlugsSystemThreadingMonitorImplExitSystemObject', ID = '1813'
Method 'SystemVoidSystemTextEncoderFallbackBufferctor', ID = '1815'
Method 'SystemVoidSystemTextEncoderReplacementFallbackBufferReset', ID = '1816'
Method 'SystemVoidCosmosCore_PlugsMemoryOperationsMemoryOperationsImplCopy64BytesSystemBytepointerSystemBytepointer', ID = '1817'
Method 'SystemVoidCosmosCore_PlugsMemoryOperationsMemoryOperationsImplCopy16BytesSystemBytepointerSystemBytepointer', ID = '1818'
Method 'SystemVoidCosmosCore_PlugsMemoryOperationsMemoryOperationsImplCopy32BytesSystemBytepointerSystemBytepointer', ID = '1819'
Method 'SystemVoidCosmosCore_PlugsMemoryOperationsMemoryOperationsImplCopy128BytesSystemBytepointerSystemBytepointer', ID = '1820'
Method 'SystemInt32SystemTextStringBuilderget_MaxCapacity', ID = '1821'
Method 'SystemTextStringBuilderSystemTextStringBuilderAppendSystemCharSystemInt32', ID = '1822'
Method 'SystemTextStringBuilderSystemTextStringBuilderFindChunkForIndexSystemInt32', ID = '1823'
Method 'SystemStringSystemSRget_ArgumentOutOfRange_Capacity', ID = '1824'
Method 'SystemStringSystemSRget_ArgumentOutOfRange_SmallMaxCapacity', ID = '1825'
Method 'SystemStringSystemSRget_ArgumentOutOfRange_MustBePositive', ID = '1826'
Method 'SystemVoidSystemCollectionsGenericList1CosmosSystemKeyMappingset_CapacitySystemInt32', ID = '1828'
Method 'SystemVoidSystemCollectionsGenericList1CosmosHALPITPITTimerset_CapacitySystemInt32', ID = '1829'
Method 'SystemVoidSystemCollectionsGenericList1CosmosSystemGraphicsModeset_CapacitySystemInt32', ID = '1830'
Method 'SystemVoidSystemEmptyctor', ID = '1831'
Method 'SystemVoidSystemDBNullctor', ID = '1833'
Method 'SystemStringCosmosSystem_PlugsSystemSByteImplToString', ID = '1834'
Method 'SystemStringCosmosSystem_PlugsSystemInt16ImplToString', ID = '1835'
Method 'SystemVoidSystemDecimalctorSystemInt32', ID = '1838'
Method 'SystemVoidSystemDecimalctorSystemInt32SystemInt32SystemInt32SystemBooleanSystemByte', ID = '1842'
Method 'SystemInt32CosmosSystem_PlugsSystemDecimalImplToString', ID = '1847'
Method 'SystemInt64SystemTimeSpanget_Ticks', ID = '1850'
Method 'SystemInt32SystemTimeSpanget_Days', ID = '1851'
Method 'SystemInt32SystemTimeSpanget_Hours', ID = '1852'
Method 'SystemInt32SystemTimeSpanget_Minutes', ID = '1853'
Method 'SystemInt32SystemTimeSpanget_Seconds', ID = '1854'
Method 'SystemDoubleSystemTimeSpanget_TotalSeconds', ID = '1855'
Method 'SystemVoidCosmosCoreMemoryBlockFillSystemUInt16', ID = '1856'
Method 'SystemVoidSystemTextDecoderReplacementFallbackctor', ID = '1859'
Method 'SystemVoidSystemTextEncoderExceptionFallbackctor', ID = '1861'
Method 'SystemVoidSystemTextDecoderExceptionFallbackctor', ID = '1863'
Method 'SystemBooleanSystemCharIsSurrogateSystemStringSystemInt32', ID = '1864'
Method 'SystemBooleanSystemCharIsHighSurrogateSystemStringSystemInt32', ID = '1865'
Method 'SystemStringSystemSRget_Argument_InvalidCharSequenceNoIndex', ID = '1866'
Method 'SystemInt32SystemTextInternalEncoderBestFitFallbackget_MaxCharCount', ID = '1868'
Method 'SystemStringSystemSRget_Argument_MustBeFalse', ID = '1870'
Method 'SystemVoidCosmosCore_PlugsSystemThreadingMonitorImplReliableEnterSystemObjectSystemBoolean', ID = '1871'
Method 'SystemInt32SystemTextEncoderReplacementFallbackBufferget_Remaining', ID = '1873'
Method 'SystemBooleanSystemTextEncoderReplacementFallbackBufferMovePrevious', ID = '1874'
Method 'SystemBooleanSystemTextEncoderReplacementFallbackBufferFallbackSystemCharSystemCharSystemInt32', ID = '1875'
Method 'SystemBooleanSystemTextEncoderReplacementFallbackBufferFallbackSystemCharSystemInt32', ID = '1876'
Method 'SystemCharSystemTextEncoderReplacementFallbackBufferGetNextChar', ID = '1877'
Method 'SystemStringSystemSRget_ArgumentOutOfRange_DecimalScale', ID = '1882'
Method 'SystemObjectCosmosCore_PlugsSystemTextDecoderFallbackImplget_InternalSyncObject', ID = '1885'
Method 'SystemBooleanSystemCharIsSurrogateSystemChar', ID = '1888'
Method 'SystemTextEncoderFallbackBufferCosmosCore_PlugsSystemTextInternalEncoderBestFitFallbackImplCreateFallbackBuffer', ID = '1889'
Method 'SystemStringSystemSRget_ArgumentOutOfRange_Range', ID = '1890'
Method 'SystemInt32SystemTextEncoderExceptionFallbackget_MaxCharCount', ID = '1892'
Method 'SystemTextEncoderFallbackBufferSystemTextEncoderExceptionFallbackCreateFallbackBuffer', ID = '1893'
Method 'SystemVoidSystemTextEncoderExceptionFallbackBufferctor', ID = '1895'
Method 'SystemInt32SystemTextEncoderExceptionFallbackBufferget_Remaining', ID = '1897'
Method 'SystemBooleanSystemTextEncoderExceptionFallbackBufferMovePrevious', ID = '1898'
Method 'SystemBooleanSystemTextEncoderExceptionFallbackBufferFallbackSystemCharSystemCharSystemInt32', ID = '1899'
Method 'SystemBooleanSystemTextEncoderExceptionFallbackBufferFallbackSystemCharSystemInt32', ID = '1900'
Method 'SystemCharSystemTextEncoderExceptionFallbackBufferGetNextChar', ID = '1901'
Method 'SystemStringSystemSRget_Argument_InvalidCodePageConversionIndex', ID = '1902'
Method 'SystemVoidSystemTextEncoderFallbackExceptionctorSystemStringSystemCharSystemCharSystemInt32', ID = '1903'
Method 'SystemVoidSystemTextEncoderFallbackExceptionctorSystemStringSystemCharSystemInt32', ID = '1904'
